Connecting to database specified by database.yml
Connecting to database specified by database.yml


Started GET "/assets/rails.png" for 127.0.0.1 at 2012-11-23 00:30:16 +0430
Connecting to database specified by database.yml
Served asset /rails.png - 200 OK (30ms)
Connecting to database specified by database.yml
Connecting to database specified by database.yml


Started GET "/assets/rails.png" for 127.0.0.1 at 2012-11-23 00:38:46 +0430
Connecting to database specified by database.yml
Served asset /rails.png - 304 Not Modified (1ms)


Started GET "/" for 127.0.0.1 at 2012-11-23 00:40:24 +0430

ActionController::RoutingError (No route matches [GET] "/"):
  actionpack (3.2.9) lib/action_dispatch/middleware/debug_exceptions.rb:21:in `call'
  actionpack (3.2.9) lib/action_dispatch/middleware/show_exceptions.rb:56:in `call'
  railties (3.2.9) lib/rails/rack/logger.rb:32:in `call_app'
  railties (3.2.9) lib/rails/rack/logger.rb:16:in `block in call'
  activesupport (3.2.9) lib/active_support/tagged_logging.rb:22:in `tagged'
  railties (3.2.9) lib/rails/rack/logger.rb:16:in `call'
  actionpack (3.2.9) lib/action_dispatch/middleware/request_id.rb:22:in `call'
  rack (1.4.1) lib/rack/methodoverride.rb:21:in `call'
  rack (1.4.1) lib/rack/runtime.rb:17:in `call'
  activesupport (3.2.9) lib/active_support/cache/strategy/local_cache.rb:72:in `call'
  rack (1.4.1) lib/rack/lock.rb:15:in `call'
  actionpack (3.2.9) lib/action_dispatch/middleware/static.rb:62:in `call'
  railties (3.2.9) lib/rails/engine.rb:479:in `call'
  railties (3.2.9) lib/rails/application.rb:223:in `call'
  rack (1.4.1) lib/rack/content_length.rb:14:in `call'
  railties (3.2.9) lib/rails/rack/log_tailer.rb:17:in `call'
  rack (1.4.1) lib/rack/handler/webrick.rb:59:in `service'
  /usr/lib/ruby/1.9.1/webrick/httpserver.rb:138:in `service'
  /usr/lib/ruby/1.9.1/webrick/httpserver.rb:94:in `run'
  /usr/lib/ruby/1.9.1/webrick/server.rb:191:in `block in start_thread'


  Rendered /usr/lib/ruby/gems/1.9.1/gems/actionpack-3.2.9/lib/action_dispatch/middleware/templates/rescues/routing_error.erb within rescues/layout (1.8ms)


Started GET "/" for 127.0.0.1 at 2012-11-23 00:42:36 +0430
Processing by PhotosController#index as HTML
Completed 500 Internal Server Error in 69ms

ActiveRecord::StatementInvalid (Could not find table 'photos'):
  app/controllers/photos_controller.rb:5:in `index'


  Rendered /usr/lib/ruby/gems/1.9.1/gems/actionpack-3.2.9/lib/action_dispatch/middleware/templates/rescues/_trace.erb (0.9ms)
  Rendered /usr/lib/ruby/gems/1.9.1/gems/actionpack-3.2.9/lib/action_dispatch/middleware/templates/rescues/_request_and_response.erb (0.6ms)
  Rendered /usr/lib/ruby/gems/1.9.1/gems/actionpack-3.2.9/lib/action_dispatch/middleware/templates/rescues/diagnostics.erb within rescues/layout (5.9ms)
Connecting to database specified by database.yml
  [1m[36m (0.3ms)[0m  [1mselect sqlite_version(*)[0m
  [1m[35m (158.3ms)[0m  CREATE TABLE "schema_migrations" ("version" varchar(255) NOT NULL) 
  [1m[36m (116.5ms)[0m  [1mCREATE UNIQUE INDEX "unique_schema_migrations" ON "schema_migrations" ("version")[0m
  [1m[35m (0.2ms)[0m  SELECT "schema_migrations"."version" FROM "schema_migrations" 
Migrating to CreatePhotos (20121122200603)
  [1m[36m (0.1ms)[0m  [1mbegin transaction[0m
  [1m[35m (0.8ms)[0m  CREATE TABLE "photos" ("id" INTEGER PRIMARY KEY AUTOINCREMENT NOT NULL, "filename" varchar(255), "created_at" datetime NOT NULL, "updated_at" datetime NOT NULL) 
  [1m[36m (0.2ms)[0m  [1mINSERT INTO "schema_migrations" ("version") VALUES ('20121122200603')[0m
  [1m[35m (125.9ms)[0m  commit transaction
  [1m[36m (0.1ms)[0m  [1mSELECT "schema_migrations"."version" FROM "schema_migrations" [0m


Started GET "/" for 127.0.0.1 at 2012-11-23 00:45:53 +0430
Processing by PhotosController#index as HTML
  [1m[36mPhoto Load (0.1ms)[0m  [1mSELECT "photos".* FROM "photos" [0m
  Rendered photos/index.html.erb within layouts/application (0.7ms)
Compiled photos.css  (4ms)  (pid 7602)
Compiled scaffolds.css  (8ms)  (pid 7602)
Compiled application.css  (34ms)  (pid 7602)
Compiled jquery.js  (8ms)  (pid 7602)
Compiled jquery_ujs.js  (14ms)  (pid 7602)
Compiled photos.js  (311ms)  (pid 7602)
Compiled application.js  (360ms)  (pid 7602)
Completed 200 OK in 450ms (Views: 448.3ms | ActiveRecord: 0.4ms)


Started GET "/assets/application.css?body=1" for 127.0.0.1 at 2012-11-23 00:45:54 +0430
Served asset /application.css - 200 OK (9ms)


Started GET "/assets/photos.css?body=1" for 127.0.0.1 at 2012-11-23 00:45:54 +0430
Served asset /photos.css - 200 OK (4ms)


Started GET "/assets/photos.js?body=1" for 127.0.0.1 at 2012-11-23 00:45:54 +0430
Served asset /photos.js - 200 OK (3ms)


Started GET "/assets/scaffolds.css?body=1" for 127.0.0.1 at 2012-11-23 00:45:54 +0430
Served asset /scaffolds.css - 200 OK (3ms)


Started GET "/assets/jquery_ujs.js?body=1" for 127.0.0.1 at 2012-11-23 00:45:54 +0430
Served asset /jquery_ujs.js - 200 OK (5ms)


Started GET "/assets/jquery.js?body=1" for 127.0.0.1 at 2012-11-23 00:45:54 +0430
Served asset /jquery.js - 200 OK (7ms)


Started GET "/assets/application.js?body=1" for 127.0.0.1 at 2012-11-23 00:45:54 +0430
Served asset /application.js - 200 OK (27ms)


Started GET "/photos/new" for 127.0.0.1 at 2012-11-23 00:46:28 +0430
Processing by PhotosController#new as HTML
  Rendered photos/_form.html.erb (69.3ms)
  Rendered photos/new.html.erb within layouts/application (113.8ms)
Completed 200 OK in 122ms (Views: 118.7ms | ActiveRecord: 0.0ms)


Started GET "/assets/application.css?body=1" for 127.0.0.1 at 2012-11-23 00:46:28 +0430
Served asset /application.css - 304 Not Modified (3ms)


Started GET "/assets/photos.css?body=1" for 127.0.0.1 at 2012-11-23 00:46:28 +0430
Served asset /photos.css - 304 Not Modified (3ms)


Started GET "/assets/scaffolds.css?body=1" for 127.0.0.1 at 2012-11-23 00:46:28 +0430
Served asset /scaffolds.css - 304 Not Modified (0ms)


Started GET "/assets/jquery_ujs.js?body=1" for 127.0.0.1 at 2012-11-23 00:46:28 +0430
Served asset /jquery_ujs.js - 304 Not Modified (0ms)


Started GET "/assets/jquery.js?body=1" for 127.0.0.1 at 2012-11-23 00:46:28 +0430
Served asset /jquery.js - 304 Not Modified (1ms)


Started GET "/assets/photos.js?body=1" for 127.0.0.1 at 2012-11-23 00:46:28 +0430
Served asset /photos.js - 304 Not Modified (0ms)


Started GET "/assets/application.js?body=1" for 127.0.0.1 at 2012-11-23 00:46:28 +0430
Served asset /application.js - 304 Not Modified (5ms)


Started POST "/photos" for 127.0.0.1 at 2012-11-23 00:46:34 +0430
Processing by PhotosController#create as HTML
  Parameters: {"utf8"=>"✓", "authenticity_token"=>"oeedOtp3o28FvSCxPvy5SNSb87JTDLSvUAPt4NgOStc=", "photo"=>{"filename"=>"cat.jpg"}, "commit"=>"Create Photo"}
  [1m[35m (0.1ms)[0m  begin transaction
  [1m[36mSQL (63.5ms)[0m  [1mINSERT INTO "photos" ("created_at", "filename", "updated_at") VALUES (?, ?, ?)[0m  [["created_at", Thu, 22 Nov 2012 20:16:34 UTC +00:00], ["filename", "cat.jpg"], ["updated_at", Thu, 22 Nov 2012 20:16:34 UTC +00:00]]
  [1m[35m (153.5ms)[0m  commit transaction
Redirected to http://localhost:3000/photos/1
Completed 302 Found in 223ms (ActiveRecord: 217.0ms)


Started GET "/photos/1" for 127.0.0.1 at 2012-11-23 00:46:34 +0430
Processing by PhotosController#show as HTML
  Parameters: {"id"=>"1"}
  [1m[36mPhoto Load (0.5ms)[0m  [1mSELECT "photos".* FROM "photos" WHERE "photos"."id" = ? LIMIT 1[0m  [["id", "1"]]
  Rendered photos/show.html.erb within layouts/application (0.8ms)
Completed 200 OK in 11ms (Views: 5.8ms | ActiveRecord: 0.5ms)


Started GET "/assets/application.css?body=1" for 127.0.0.1 at 2012-11-23 00:46:34 +0430
Served asset /application.css - 304 Not Modified (2ms)


Started GET "/assets/jquery_ujs.js?body=1" for 127.0.0.1 at 2012-11-23 00:46:34 +0430
Served asset /jquery_ujs.js - 304 Not Modified (3ms)


Started GET "/assets/jquery.js?body=1" for 127.0.0.1 at 2012-11-23 00:46:34 +0430
Served asset /jquery.js - 304 Not Modified (0ms)


Started GET "/assets/photos.css?body=1" for 127.0.0.1 at 2012-11-23 00:46:34 +0430
Served asset /photos.css - 304 Not Modified (0ms)


Started GET "/assets/scaffolds.css?body=1" for 127.0.0.1 at 2012-11-23 00:46:34 +0430
Served asset /scaffolds.css - 304 Not Modified (0ms)


Started GET "/assets/photos.js?body=1" for 127.0.0.1 at 2012-11-23 00:46:34 +0430
Served asset /photos.js - 304 Not Modified (0ms)


Started GET "/assets/application.js?body=1" for 127.0.0.1 at 2012-11-23 00:46:34 +0430
Served asset /application.js - 304 Not Modified (1ms)


Started GET "/photos" for 127.0.0.1 at 2012-11-23 00:46:37 +0430
Processing by PhotosController#index as HTML
  [1m[35mPhoto Load (0.4ms)[0m  SELECT "photos".* FROM "photos" 
  Rendered photos/index.html.erb within layouts/application (2.9ms)
Completed 200 OK in 16ms (Views: 13.3ms | ActiveRecord: 0.4ms)


Started GET "/assets/application.css?body=1" for 127.0.0.1 at 2012-11-23 00:46:37 +0430
Served asset /application.css - 304 Not Modified (1ms)


Started GET "/assets/scaffolds.css?body=1" for 127.0.0.1 at 2012-11-23 00:46:37 +0430
Served asset /scaffolds.css - 304 Not Modified (0ms)


Started GET "/assets/photos.css?body=1" for 127.0.0.1 at 2012-11-23 00:46:37 +0430
Served asset /photos.css - 304 Not Modified (3ms)


Started GET "/assets/jquery_ujs.js?body=1" for 127.0.0.1 at 2012-11-23 00:46:37 +0430
Served asset /jquery_ujs.js - 304 Not Modified (0ms)


Started GET "/assets/jquery.js?body=1" for 127.0.0.1 at 2012-11-23 00:46:37 +0430
Served asset /jquery.js - 304 Not Modified (2ms)


Started GET "/assets/photos.js?body=1" for 127.0.0.1 at 2012-11-23 00:46:37 +0430
Served asset /photos.js - 304 Not Modified (0ms)


Started GET "/assets/application.js?body=1" for 127.0.0.1 at 2012-11-23 00:46:37 +0430
Served asset /application.js - 304 Not Modified (3ms)


Started GET "/photos/new" for 127.0.0.1 at 2012-11-23 00:46:57 +0430
Processing by PhotosController#new as HTML
  Rendered photos/_form.html.erb (1.2ms)
  Rendered photos/new.html.erb within layouts/application (1.7ms)
Completed 200 OK in 7ms (Views: 5.8ms | ActiveRecord: 0.0ms)


Started GET "/assets/application.css?body=1" for 127.0.0.1 at 2012-11-23 00:46:57 +0430
Served asset /application.css - 304 Not Modified (1ms)


Started GET "/assets/photos.css?body=1" for 127.0.0.1 at 2012-11-23 00:46:57 +0430
Served asset /photos.css - 304 Not Modified (0ms)


Started GET "/assets/scaffolds.css?body=1" for 127.0.0.1 at 2012-11-23 00:46:57 +0430
Served asset /scaffolds.css - 304 Not Modified (1ms)


Started GET "/assets/jquery.js?body=1" for 127.0.0.1 at 2012-11-23 00:46:57 +0430
Served asset /jquery.js - 304 Not Modified (2ms)


Started GET "/assets/jquery_ujs.js?body=1" for 127.0.0.1 at 2012-11-23 00:46:57 +0430
Served asset /jquery_ujs.js - 304 Not Modified (0ms)


Started GET "/assets/application.js?body=1" for 127.0.0.1 at 2012-11-23 00:46:57 +0430
Served asset /application.js - 304 Not Modified (4ms)


Started GET "/assets/photos.js?body=1" for 127.0.0.1 at 2012-11-23 00:46:57 +0430
Served asset /photos.js - 304 Not Modified (0ms)


Started POST "/photos" for 127.0.0.1 at 2012-11-23 00:47:01 +0430
Processing by PhotosController#create as HTML
  Parameters: {"utf8"=>"✓", "authenticity_token"=>"oeedOtp3o28FvSCxPvy5SNSb87JTDLSvUAPt4NgOStc=", "photo"=>{"filename"=>"dog.jpg"}, "commit"=>"Create Photo"}
  [1m[36m (0.1ms)[0m  [1mbegin transaction[0m
  [1m[35mSQL (0.7ms)[0m  INSERT INTO "photos" ("created_at", "filename", "updated_at") VALUES (?, ?, ?)  [["created_at", Thu, 22 Nov 2012 20:17:01 UTC +00:00], ["filename", "dog.jpg"], ["updated_at", Thu, 22 Nov 2012 20:17:01 UTC +00:00]]
  [1m[36m (130.3ms)[0m  [1mcommit transaction[0m
Redirected to http://localhost:3000/photos/2
Completed 302 Found in 137ms (ActiveRecord: 131.2ms)


Started GET "/photos/2" for 127.0.0.1 at 2012-11-23 00:47:01 +0430
Processing by PhotosController#show as HTML
  Parameters: {"id"=>"2"}
  [1m[35mPhoto Load (0.2ms)[0m  SELECT "photos".* FROM "photos" WHERE "photos"."id" = ? LIMIT 1  [["id", "2"]]
  Rendered photos/show.html.erb within layouts/application (1.2ms)
Completed 200 OK in 14ms (Views: 11.8ms | ActiveRecord: 0.2ms)


Started GET "/assets/application.css?body=1" for 127.0.0.1 at 2012-11-23 00:47:01 +0430
Served asset /application.css - 304 Not Modified (5ms)


Started GET "/assets/jquery.js?body=1" for 127.0.0.1 at 2012-11-23 00:47:01 +0430
Served asset /jquery.js - 304 Not Modified (2ms)


Started GET "/assets/photos.css?body=1" for 127.0.0.1 at 2012-11-23 00:47:01 +0430
Served asset /photos.css - 304 Not Modified (0ms)


Started GET "/assets/jquery_ujs.js?body=1" for 127.0.0.1 at 2012-11-23 00:47:01 +0430
Served asset /jquery_ujs.js - 304 Not Modified (0ms)


Started GET "/assets/scaffolds.css?body=1" for 127.0.0.1 at 2012-11-23 00:47:01 +0430
Served asset /scaffolds.css - 304 Not Modified (3ms)


Started GET "/assets/photos.js?body=1" for 127.0.0.1 at 2012-11-23 00:47:01 +0430
Served asset /photos.js - 304 Not Modified (0ms)


Started GET "/assets/application.js?body=1" for 127.0.0.1 at 2012-11-23 00:47:01 +0430
Served asset /application.js - 304 Not Modified (1ms)


Started GET "/photos" for 127.0.0.1 at 2012-11-23 00:47:03 +0430
Processing by PhotosController#index as HTML
  [1m[36mPhoto Load (0.3ms)[0m  [1mSELECT "photos".* FROM "photos" [0m
  Rendered photos/index.html.erb within layouts/application (1.3ms)
Completed 200 OK in 6ms (Views: 4.5ms | ActiveRecord: 0.3ms)


Started GET "/assets/application.css?body=1" for 127.0.0.1 at 2012-11-23 00:47:03 +0430
Served asset /application.css - 304 Not Modified (4ms)


Started GET "/assets/scaffolds.css?body=1" for 127.0.0.1 at 2012-11-23 00:47:03 +0430
Served asset /scaffolds.css - 304 Not Modified (0ms)


Started GET "/assets/photos.css?body=1" for 127.0.0.1 at 2012-11-23 00:47:03 +0430
Served asset /photos.css - 304 Not Modified (0ms)


Started GET "/assets/jquery.js?body=1" for 127.0.0.1 at 2012-11-23 00:47:03 +0430
Served asset /jquery.js - 304 Not Modified (0ms)


Started GET "/assets/photos.js?body=1" for 127.0.0.1 at 2012-11-23 00:47:03 +0430
Served asset /photos.js - 304 Not Modified (0ms)


Started GET "/assets/jquery_ujs.js?body=1" for 127.0.0.1 at 2012-11-23 00:47:03 +0430
Served asset /jquery_ujs.js - 304 Not Modified (0ms)


Started GET "/assets/application.js?body=1" for 127.0.0.1 at 2012-11-23 00:47:03 +0430
Served asset /application.js - 304 Not Modified (1ms)


Started GET "/" for 127.0.0.1 at 2012-11-23 02:35:52 +0430
Connecting to database specified by database.yml
Processing by PhotosController#index as HTML
  [1m[36mPhoto Load (0.1ms)[0m  [1mSELECT "photos".* FROM "photos" [0m
  Rendered photos/index.html.erb within layouts/application (16.5ms)
Completed 200 OK in 177ms (Views: 125.7ms | ActiveRecord: 14.2ms)


Started GET "/assets/application.css?body=1" for 127.0.0.1 at 2012-11-23 02:35:52 +0430
Served asset /application.css - 200 OK (2ms)


Started GET "/assets/photos.css?body=1" for 127.0.0.1 at 2012-11-23 02:35:52 +0430
Served asset /photos.css - 200 OK (16ms)


Started GET "/assets/jquery.js?body=1" for 127.0.0.1 at 2012-11-23 02:35:52 +0430
Served asset /jquery.js - 200 OK (19ms)


Started GET "/assets/scaffolds.css?body=1" for 127.0.0.1 at 2012-11-23 02:35:52 +0430
Served asset /scaffolds.css - 200 OK (4ms)


Started GET "/assets/jquery_ujs.js?body=1" for 127.0.0.1 at 2012-11-23 02:35:52 +0430
Served asset /jquery_ujs.js - 200 OK (4ms)


Started GET "/assets/application.js?body=1" for 127.0.0.1 at 2012-11-23 02:35:52 +0430
Served asset /application.js - 200 OK (13ms)


Started GET "/assets/photos.js?body=1" for 127.0.0.1 at 2012-11-23 02:35:52 +0430
Served asset /photos.js - 200 OK (1ms)


Started GET "/photos/new" for 127.0.0.1 at 2012-11-23 02:35:54 +0430
Processing by PhotosController#new as HTML
  Rendered photos/_form.html.erb (22.0ms)
  Rendered photos/new.html.erb within layouts/application (32.9ms)
Completed 200 OK in 77ms (Views: 76.4ms | ActiveRecord: 0.0ms)


Started GET "/assets/photos.css?body=1" for 127.0.0.1 at 2012-11-23 02:35:54 +0430
Served asset /photos.css - 304 Not Modified (0ms)


Started GET "/assets/photos.js?body=1" for 127.0.0.1 at 2012-11-23 02:35:54 +0430
Served asset /photos.js - 304 Not Modified (0ms)


Started GET "/assets/scaffolds.css?body=1" for 127.0.0.1 at 2012-11-23 02:35:54 +0430
Served asset /scaffolds.css - 304 Not Modified (0ms)


Started GET "/assets/application.css?body=1" for 127.0.0.1 at 2012-11-23 02:35:54 +0430
Served asset /application.css - 304 Not Modified (0ms)


Started GET "/assets/jquery.js?body=1" for 127.0.0.1 at 2012-11-23 02:35:54 +0430
Served asset /jquery.js - 304 Not Modified (0ms)


Started GET "/assets/jquery_ujs.js?body=1" for 127.0.0.1 at 2012-11-23 02:35:54 +0430
Served asset /jquery_ujs.js - 304 Not Modified (0ms)


Started GET "/assets/application.js?body=1" for 127.0.0.1 at 2012-11-23 02:35:54 +0430
Served asset /application.js - 304 Not Modified (1ms)


Started POST "/photos" for 127.0.0.1 at 2012-11-23 02:35:57 +0430
Processing by PhotosController#create as HTML
  Parameters: {"utf8"=>"✓", "authenticity_token"=>"UrasPa8MVYiG65M1k60QVuQ7cqcaxOUfr6bQHsMwRsY=", "photo"=>{"filename"=>""}, "commit"=>"Create Photo"}
  [1m[35m (0.1ms)[0m  begin transaction
  [1m[36m (0.0ms)[0m  [1mrollback transaction[0m
  Rendered photos/_form.html.erb (1.9ms)
  Rendered photos/new.html.erb within layouts/application (2.4ms)
Completed 200 OK in 9ms (Views: 7.0ms | ActiveRecord: 0.1ms)


Started GET "/assets/application.css?body=1" for 127.0.0.1 at 2012-11-23 02:35:57 +0430
Served asset /application.css - 304 Not Modified (2ms)


Started GET "/assets/jquery_ujs.js?body=1" for 127.0.0.1 at 2012-11-23 02:35:57 +0430
Served asset /jquery_ujs.js - 304 Not Modified (6ms)


Started GET "/assets/photos.css?body=1" for 127.0.0.1 at 2012-11-23 02:35:57 +0430
Served asset /photos.css - 304 Not Modified (0ms)


Started GET "/assets/scaffolds.css?body=1" for 127.0.0.1 at 2012-11-23 02:35:57 +0430
Served asset /scaffolds.css - 304 Not Modified (0ms)


Started GET "/assets/jquery.js?body=1" for 127.0.0.1 at 2012-11-23 02:35:57 +0430
Served asset /jquery.js - 304 Not Modified (2ms)


Started GET "/assets/photos.js?body=1" for 127.0.0.1 at 2012-11-23 02:35:57 +0430
Served asset /photos.js - 304 Not Modified (0ms)


Started GET "/assets/application.js?body=1" for 127.0.0.1 at 2012-11-23 02:35:57 +0430
Served asset /application.js - 304 Not Modified (3ms)


Started GET "/photos" for 127.0.0.1 at 2012-11-23 02:36:02 +0430
Processing by PhotosController#index as HTML
  [1m[35mPhoto Load (0.1ms)[0m  SELECT "photos".* FROM "photos" 
  Rendered photos/index.html.erb within layouts/application (3.4ms)
Completed 200 OK in 10ms (Views: 8.8ms | ActiveRecord: 0.1ms)


Started GET "/assets/application.css?body=1" for 127.0.0.1 at 2012-11-23 02:36:02 +0430
Served asset /application.css - 304 Not Modified (0ms)


Started GET "/assets/photos.css?body=1" for 127.0.0.1 at 2012-11-23 02:36:02 +0430
Served asset /photos.css - 304 Not Modified (0ms)


Started GET "/assets/scaffolds.css?body=1" for 127.0.0.1 at 2012-11-23 02:36:02 +0430
Served asset /scaffolds.css - 304 Not Modified (0ms)


Started GET "/assets/jquery_ujs.js?body=1" for 127.0.0.1 at 2012-11-23 02:36:02 +0430
Served asset /jquery_ujs.js - 304 Not Modified (0ms)


Started GET "/assets/photos.js?body=1" for 127.0.0.1 at 2012-11-23 02:36:02 +0430
Served asset /photos.js - 304 Not Modified (0ms)


Started GET "/assets/jquery.js?body=1" for 127.0.0.1 at 2012-11-23 02:36:02 +0430
Served asset /jquery.js - 304 Not Modified (2ms)


Started GET "/assets/application.js?body=1" for 127.0.0.1 at 2012-11-23 02:36:02 +0430
Served asset /application.js - 304 Not Modified (3ms)


Started GET "/" for 127.0.0.1 at 2012-11-26 08:00:28 +0430
Connecting to database specified by database.yml
Processing by PhotosController#index as HTML
  [1m[36mPhoto Load (0.1ms)[0m  [1mSELECT "photos".* FROM "photos" [0m
  Rendered photos/index.html.erb within layouts/application (16.5ms)
Completed 200 OK in 163ms (Views: 119.6ms | ActiveRecord: 13.9ms)


Started GET "/assets/application.css?body=1" for 127.0.0.1 at 2012-11-26 08:00:28 +0430
Served asset /application.css - 200 OK (31ms)


Started GET "/assets/photos.css?body=1" for 127.0.0.1 at 2012-11-26 08:00:28 +0430
Served asset /photos.css - 200 OK (2ms)


Started GET "/assets/jquery.js?body=1" for 127.0.0.1 at 2012-11-26 08:00:28 +0430
Served asset /jquery.js - 200 OK (7ms)


Started GET "/assets/scaffolds.css?body=1" for 127.0.0.1 at 2012-11-26 08:00:28 +0430
Served asset /scaffolds.css - 200 OK (2ms)


Started GET "/assets/photos.js?body=1" for 127.0.0.1 at 2012-11-26 08:00:28 +0430
Served asset /photos.js - 200 OK (2ms)


Started GET "/assets/jquery_ujs.js?body=1" for 127.0.0.1 at 2012-11-26 08:00:28 +0430
Served asset /jquery_ujs.js - 200 OK (2ms)


Started GET "/assets/application.js?body=1" for 127.0.0.1 at 2012-11-26 08:00:28 +0430
Served asset /application.js - 200 OK (8ms)
Connecting to database specified by database.yml
Connecting to database specified by database.yml
Connecting to database specified by database.yml
Connecting to database specified by database.yml
  [1m[36m (0.1ms)[0m  [1mSELECT "schema_migrations"."version" FROM "schema_migrations" [0m
Migrating to CreatePhotos (20121122200603)
Migrating to CreateSlideshows (20121129214256)
  [1m[35m (0.0ms)[0m  select sqlite_version(*)
  [1m[36m (0.0ms)[0m  [1mbegin transaction[0m
  [1m[35m (0.0ms)[0m  rollback transaction
Connecting to database specified by database.yml
  [1m[36m (0.1ms)[0m  [1mSELECT "schema_migrations"."version" FROM "schema_migrations" [0m
Migrating to CreatePhotos (20121122200603)
Migrating to CreateSlideshows (20121129214256)
  [1m[35m (0.0ms)[0m  select sqlite_version(*)
  [1m[36m (0.0ms)[0m  [1mbegin transaction[0m
  [1m[35m (0.0ms)[0m  rollback transaction
Connecting to database specified by database.yml
  [1m[36m (0.1ms)[0m  [1mSELECT "schema_migrations"."version" FROM "schema_migrations" [0m
Migrating to CreatePhotos (20121122200603)
Migrating to CreateSlideshows (20121129214256)
  [1m[35m (0.0ms)[0m  select sqlite_version(*)
  [1m[36m (0.0ms)[0m  [1mbegin transaction[0m
  [1m[35m (1.1ms)[0m  CREATE TABLE "slideshows" ("id" INTEGER PRIMARY KEY AUTOINCREMENT NOT NULL, "name" varchar(255), "created_at" datetime NOT NULL, "updated_at" datetime NOT NULL) 
  [1m[36m (0.3ms)[0m  [1mINSERT INTO "schema_migrations" ("version") VALUES ('20121129214256')[0m
  [1m[35m (176.7ms)[0m  commit transaction
Migrating to CreateSlides (20121129214307)
  [1m[36m (0.2ms)[0m  [1mbegin transaction[0m
  [1m[35m (0.2ms)[0m  CREATE TABLE "slides" ("id" INTEGER PRIMARY KEY AUTOINCREMENT NOT NULL, "position" integer, "photo_id" integer, "slideshow_id" integer) 
  [1m[36m (0.1ms)[0m  [1mINSERT INTO "schema_migrations" ("version") VALUES ('20121129214307')[0m
  [1m[35m (179.9ms)[0m  commit transaction
  [1m[36m (0.2ms)[0m  [1mSELECT "schema_migrations"."version" FROM "schema_migrations" [0m
Connecting to database specified by database.yml
  [1m[36m (0.1ms)[0m  [1mSELECT "schema_migrations"."version" FROM "schema_migrations" [0m
Migrating to CreatePhotos (20121122200603)
Migrating to CreateSlideshows (20121129214256)
Migrating to CreateSlides (20121129214307)
  [1m[35m (0.1ms)[0m  select sqlite_version(*)
  [1m[36m (0.1ms)[0m  [1mSELECT "schema_migrations"."version" FROM "schema_migrations" [0m
Connecting to database specified by database.yml
Connecting to database specified by database.yml
Connecting to database specified by database.yml
Connecting to database specified by database.yml
Connecting to database specified by database.yml
Connecting to database specified by database.yml
Connecting to database specified by database.yml
Connecting to database specified by database.yml
  [1m[36m (0.2ms)[0m  [1mSELECT "schema_migrations"."version" FROM "schema_migrations" [0m
Migrating to CreatePhotos (20121122200603)
Migrating to CreateSlideshows (20121129214256)
Migrating to CreateSlides (20121129214307)
Migrating to CreateCategories (20121217191027)
  [1m[35m (0.1ms)[0m  select sqlite_version(*)
  [1m[36m (0.1ms)[0m  [1mbegin transaction[0m
  [1m[35m (0.3ms)[0m  CREATE TABLE "categories" ("id" INTEGER PRIMARY KEY AUTOINCREMENT NOT NULL, "name" varchar(255), "parent_id" integer) 
  [1m[36m (0.1ms)[0m  [1mCREATE TABLE "categories_photos" ("category_id" integer, "photo_id" integer) [0m
  [1m[35mPhoto Load (0.1ms)[0m  SELECT "photos".* FROM "photos" 
  [1m[36mSQL (2.5ms)[0m  [1mINSERT INTO "categories" ("name", "parent_id") VALUES (?, ?)[0m  [["name", "All"], ["parent_id", nil]]
  [1m[35m (0.0ms)[0m  INSERT INTO "categories_photos" ("photo_id", "category_id") VALUES (1, 1)
  [1m[36m (0.0ms)[0m  [1mINSERT INTO "categories_photos" ("photo_id", "category_id") VALUES (2, 1)[0m
  [1m[35m (0.0ms)[0m  INSERT INTO "categories_photos" ("photo_id", "category_id") VALUES (3, 1)
  [1m[36m (0.0ms)[0m  [1mINSERT INTO "categories_photos" ("photo_id", "category_id") VALUES (4, 1)[0m
  [1m[35m (0.0ms)[0m  INSERT INTO "categories_photos" ("photo_id", "category_id") VALUES (5, 1)
  [1m[36m (0.0ms)[0m  [1mINSERT INTO "categories_photos" ("photo_id", "category_id") VALUES (6, 1)[0m
  [1m[35m (0.0ms)[0m  INSERT INTO "categories_photos" ("photo_id", "category_id") VALUES (7, 1)
  [1m[36m (0.0ms)[0m  [1mINSERT INTO "categories_photos" ("photo_id", "category_id") VALUES (8, 1)[0m
  [1m[35m (0.0ms)[0m  INSERT INTO "categories_photos" ("photo_id", "category_id") VALUES (9, 1)
  [1m[36m (0.1ms)[0m  [1mINSERT INTO "schema_migrations" ("version") VALUES ('20121217191027')[0m
  [1m[35m (178.2ms)[0m  commit transaction
  [1m[36m (0.1ms)[0m  [1mSELECT "schema_migrations"."version" FROM "schema_migrations" [0m
Connecting to database specified by database.yml
Connecting to database specified by database.yml
Connecting to database specified by database.yml
Connecting to database specified by database.yml
Connecting to database specified by database.yml
Connecting to database specified by database.yml
Connecting to database specified by database.yml
Connecting to database specified by database.yml
Connecting to database specified by database.yml
Connecting to database specified by database.yml
Connecting to database specified by database.yml
Connecting to database specified by database.yml


Started GET "/" for 127.0.0.1 at 2012-12-21 02:43:39 +0430
Processing by PhotosController#index as HTML
  [1m[36mPhoto Load (0.1ms)[0m  [1mSELECT "photos".* FROM "photos" [0m
  Rendered photos/index.html.erb within layouts/application (23.9ms)
Completed 200 OK in 257ms (Views: 214.8ms | ActiveRecord: 14.3ms)


Started GET "/assets/application.css?body=1" for 127.0.0.1 at 2012-12-21 02:43:40 +0430
Served asset /application.css - 200 OK (2ms)


Started GET "/assets/scaffolds.css?body=1" for 127.0.0.1 at 2012-12-21 02:43:40 +0430
Served asset /scaffolds.css - 200 OK (6ms)


Started GET "/assets/photos.css?body=1" for 127.0.0.1 at 2012-12-21 02:43:40 +0430
Served asset /photos.css - 200 OK (3ms)


Started GET "/assets/jquery_ujs.js?body=1" for 127.0.0.1 at 2012-12-21 02:43:40 +0430
Served asset /jquery_ujs.js - 200 OK (16ms)


Started GET "/assets/photos.js?body=1" for 127.0.0.1 at 2012-12-21 02:43:40 +0430
Served asset /photos.js - 200 OK (4ms)


Started GET "/assets/application.js?body=1" for 127.0.0.1 at 2012-12-21 02:43:40 +0430
Served asset /application.js - 200 OK (13ms)


Started GET "/assets/jquery.js?body=1" for 127.0.0.1 at 2012-12-21 02:43:40 +0430
Served asset /jquery.js - 200 OK (5ms)
Connecting to database specified by database.yml
Connecting to database specified by database.yml
Connecting to database specified by database.yml
Connecting to database specified by database.yml
Connecting to database specified by database.yml
Connecting to database specified by database.yml
  [1m[36m (0.1ms)[0m  [1mSELECT "schema_migrations"."version" FROM "schema_migrations" [0m
Migrating to CreatePhotos (20121122200603)
Migrating to CreateSlideshows (20121129214256)
Migrating to CreateSlides (20121129214307)
Migrating to CreateCategories (20121217191027)
  [1m[35m (0.2ms)[0m  select sqlite_version(*)
  [1m[36m (0.2ms)[0m  [1mSELECT "schema_migrations"."version" FROM "schema_migrations" [0m


Started GET "/photos/1" for 127.0.0.1 at 2012-12-21 02:56:27 +0430
Processing by PhotosController#show as HTML
  Parameters: {"id"=>"1"}
  [1m[35mPhoto Load (0.1ms)[0m  SELECT "photos".* FROM "photos" WHERE "photos"."id" = ? LIMIT 1  [["id", "1"]]
  Rendered photos/show.html.erb within layouts/application (0.9ms)
Completed 200 OK in 26ms (Views: 20.1ms | ActiveRecord: 0.5ms)


Started GET "/assets/application.css?body=1" for 127.0.0.1 at 2012-12-21 02:56:27 +0430
Served asset /application.css - 304 Not Modified (1ms)


Started GET "/assets/scaffolds.css?body=1" for 127.0.0.1 at 2012-12-21 02:56:27 +0430
Served asset /scaffolds.css - 304 Not Modified (0ms)


Started GET "/assets/jquery.js?body=1" for 127.0.0.1 at 2012-12-21 02:56:27 +0430
Served asset /jquery.js - 304 Not Modified (2ms)


Started GET "/assets/photos.css?body=1" for 127.0.0.1 at 2012-12-21 02:56:27 +0430
Served asset /photos.css - 304 Not Modified (2ms)


Started GET "/assets/jquery_ujs.js?body=1" for 127.0.0.1 at 2012-12-21 02:56:27 +0430
Served asset /jquery_ujs.js - 304 Not Modified (0ms)


Started GET "/assets/photos.js?body=1" for 127.0.0.1 at 2012-12-21 02:56:27 +0430
Served asset /photos.js - 304 Not Modified (0ms)


Started GET "/assets/application.js?body=1" for 127.0.0.1 at 2012-12-21 02:56:27 +0430
Served asset /application.js - 304 Not Modified (2ms)


Started GET "/photos" for 127.0.0.1 at 2012-12-21 03:00:28 +0430
Processing by PhotosController#index as HTML
  [1m[36mPhoto Load (0.4ms)[0m  [1mSELECT "photos".* FROM "photos" [0m
  Rendered photos/index.html.erb within layouts/application (11.3ms)
Completed 200 OK in 21ms (Views: 17.7ms | ActiveRecord: 0.4ms)


Started GET "/assets/application.css?body=1" for 127.0.0.1 at 2012-12-21 03:00:28 +0430
Served asset /application.css - 304 Not Modified (1ms)


Started GET "/assets/photos.css?body=1" for 127.0.0.1 at 2012-12-21 03:00:28 +0430
Served asset /photos.css - 304 Not Modified (2ms)


Started GET "/assets/jquery_ujs.js?body=1" for 127.0.0.1 at 2012-12-21 03:00:28 +0430
Served asset /jquery_ujs.js - 304 Not Modified (1ms)


Started GET "/assets/scaffolds.css?body=1" for 127.0.0.1 at 2012-12-21 03:00:28 +0430
Served asset /scaffolds.css - 304 Not Modified (0ms)


Started GET "/assets/jquery.js?body=1" for 127.0.0.1 at 2012-12-21 03:00:28 +0430
Served asset /jquery.js - 304 Not Modified (3ms)


Started GET "/assets/photos.js?body=1" for 127.0.0.1 at 2012-12-21 03:00:28 +0430
Served asset /photos.js - 304 Not Modified (0ms)


Started GET "/assets/application.js?body=1" for 127.0.0.1 at 2012-12-21 03:00:28 +0430
Served asset /application.js - 304 Not Modified (5ms)
Connecting to database specified by database.yml
  [1m[36m (0.1ms)[0m  [1mSELECT "schema_migrations"."version" FROM "schema_migrations" [0m
Migrating to CreatePhotos (20121122200603)
Migrating to CreateSlideshows (20121129214256)
Migrating to CreateSlides (20121129214307)
Migrating to CreateCategories (20121217191027)
  [1m[35m (0.0ms)[0m  select sqlite_version(*)
  [1m[36m (0.1ms)[0m  [1mSELECT "schema_migrations"."version" FROM "schema_migrations" [0m
Connecting to database specified by database.yml


Started GET "/photos" for 127.0.0.1 at 2012-12-21 03:00:57 +0430
Processing by PhotosController#index as HTML
  [1m[36mPhoto Load (0.1ms)[0m  [1mSELECT "photos".* FROM "photos" [0m
  Rendered photos/index.html.erb within layouts/application (19.8ms)
Completed 200 OK in 80ms (Views: 38.3ms | ActiveRecord: 13.5ms)


Started GET "/assets/application.css?body=1" for 127.0.0.1 at 2012-12-21 03:00:57 +0430
Served asset /application.css - 304 Not Modified (5ms)


Started GET "/assets/photos.css?body=1" for 127.0.0.1 at 2012-12-21 03:00:57 +0430
Served asset /photos.css - 304 Not Modified (18ms)


Started GET "/assets/photos.js?body=1" for 127.0.0.1 at 2012-12-21 03:00:57 +0430
Served asset /photos.js - 304 Not Modified (2ms)


Started GET "/assets/scaffolds.css?body=1" for 127.0.0.1 at 2012-12-21 03:00:57 +0430
Served asset /scaffolds.css - 304 Not Modified (3ms)


Started GET "/assets/jquery_ujs.js?body=1" for 127.0.0.1 at 2012-12-21 03:00:57 +0430
Served asset /jquery_ujs.js - 304 Not Modified (4ms)


Started GET "/assets/application.js?body=1" for 127.0.0.1 at 2012-12-21 03:00:57 +0430
Served asset /application.js - 304 Not Modified (11ms)


Started GET "/assets/jquery.js?body=1" for 127.0.0.1 at 2012-12-21 03:00:57 +0430
Served asset /jquery.js - 304 Not Modified (7ms)
Connecting to database specified by database.yml
  [1m[36m (0.1ms)[0m  [1mSELECT "schema_migrations"."version" FROM "schema_migrations" [0m
Migrating to CreatePhotos (20121122200603)
Migrating to CreateSlideshows (20121129214256)
Migrating to CreateSlides (20121129214307)
Migrating to CreateCategories (20121217191027)
  [1m[35m (0.0ms)[0m  select sqlite_version(*)
  [1m[36m (0.1ms)[0m  [1mSELECT "schema_migrations"."version" FROM "schema_migrations" [0m
Connecting to database specified by database.yml
Connecting to database specified by database.yml
  [1m[36m (0.1ms)[0m  [1mSELECT "schema_migrations"."version" FROM "schema_migrations" [0m
Migrating to CreatePhotos (20121122200603)
Migrating to CreateSlideshows (20121129214256)
Migrating to CreateSlides (20121129214307)
Migrating to CreateCategories (20121217191027)
Migrating to AddThumbnailToPhotos (20121220223703)
  [1m[35m (0.0ms)[0m  select sqlite_version(*)
  [1m[36m (0.0ms)[0m  [1mbegin transaction[0m
  [1m[35m (0.2ms)[0m  ALTER TABLE "photos" ADD "tumbnail" varchar(255)
  [1m[36m (0.1ms)[0m  [1mINSERT INTO "schema_migrations" ("version") VALUES ('20121220223703')[0m
  [1m[35m (274.1ms)[0m  commit transaction
  [1m[36m (0.1ms)[0m  [1mSELECT "schema_migrations"."version" FROM "schema_migrations" [0m
Connecting to database specified by database.yml
Connecting to database specified by database.yml
  [1m[36m (0.1ms)[0m  [1mSELECT "schema_migrations"."version" FROM "schema_migrations" [0m
Migrating to CreatePhotos (20121122200603)
Migrating to CreateSlideshows (20121129214256)
Migrating to CreateSlides (20121129214307)
Migrating to CreateCategories (20121217191027)
Migrating to AddThumbnailToPhotos (20121220223703)
  [1m[35m (0.0ms)[0m  select sqlite_version(*)
  [1m[36m (0.1ms)[0m  [1mSELECT "schema_migrations"."version" FROM "schema_migrations" [0m
Connecting to database specified by database.yml
  [1m[36m (0.1ms)[0m  [1mSELECT "schema_migrations"."version" FROM "schema_migrations" [0m
Migrating to CreatePhotos (20121122200603)
Migrating to CreateSlideshows (20121129214256)
Migrating to CreateSlides (20121129214307)
Migrating to CreateCategories (20121217191027)
Migrating to AddThumbnailToPhotos (20121220223703)
  [1m[35m (0.0ms)[0m  select sqlite_version(*)
  [1m[36m (0.1ms)[0m  [1mSELECT "schema_migrations"."version" FROM "schema_migrations" [0m
Connecting to database specified by database.yml
  [1m[36m (0.1ms)[0m  [1mSELECT "schema_migrations"."version" FROM "schema_migrations" [0m
Migrating to CreatePhotos (20121122200603)
Migrating to CreateSlideshows (20121129214256)
Migrating to CreateSlides (20121129214307)
Migrating to CreateCategories (20121217191027)
Migrating to AddThumbnailToPhotos (20121220223703)
  [1m[35m (0.0ms)[0m  select sqlite_version(*)
  [1m[36m (0.1ms)[0m  [1mSELECT "schema_migrations"."version" FROM "schema_migrations" [0m
Connecting to database specified by database.yml
  [1m[36m (0.1ms)[0m  [1mSELECT "schema_migrations"."version" FROM "schema_migrations" [0m
Migrating to CreatePhotos (20121122200603)
Migrating to CreateSlideshows (20121129214256)
Migrating to CreateSlides (20121129214307)
Migrating to CreateCategories (20121217191027)
Migrating to AddThumbnailToPhotos (20121220223703)
  [1m[35m (0.0ms)[0m  select sqlite_version(*)
  [1m[36m (0.1ms)[0m  [1mSELECT "schema_migrations"."version" FROM "schema_migrations" [0m
Connecting to database specified by database.yml
  [1m[36m (0.1ms)[0m  [1mSELECT "schema_migrations"."version" FROM "schema_migrations" [0m
  [1m[35m (0.1ms)[0m  SELECT "schema_migrations"."version" FROM "schema_migrations" 
  [1m[36m (0.1ms)[0m  [1mSELECT "schema_migrations"."version" FROM "schema_migrations" [0m
Migrating to AddThumbnailToPhotos (20121220223703)
  [1m[35m (0.0ms)[0m  select sqlite_version(*)
  [1m[36m (0.0ms)[0m  [1mbegin transaction[0m
  [1m[35m (15.5ms)[0m  CREATE TEMPORARY TABLE "altered_photos" ("id" INTEGER PRIMARY KEY AUTOINCREMENT NOT NULL, "filename" varchar(255), "created_at" datetime NOT NULL, "updated_at" datetime NOT NULL, "tumbnail" varchar(255)) 
  [1m[36m (0.1ms)[0m  [1mSELECT * FROM "photos"[0m
  [1m[35m (0.1ms)[0m  INSERT INTO "altered_photos" ("id","filename","created_at","updated_at","tumbnail") VALUES (1, 'balboa_park.jpg', '2012-12-17 18:52:46', '2012-12-17 18:52:46', NULL)
  [1m[36m (0.0ms)[0m  [1mINSERT INTO "altered_photos" ("id","filename","created_at","updated_at","tumbnail") VALUES (2, 'camel.jpg', '2012-12-17 18:50:18', '2012-12-17 18:50:18', NULL)[0m
  [1m[35m (0.0ms)[0m  INSERT INTO "altered_photos" ("id","filename","created_at","updated_at","tumbnail") VALUES (3, 'cat_and_candles.jpg', '2012-12-17 18:50:37', '2012-12-17 18:50:37', NULL)
  [1m[36m (0.0ms)[0m  [1mINSERT INTO "altered_photos" ("id","filename","created_at","updated_at","tumbnail") VALUES (4, 'hut.jpg', '2012-12-17 18:50:54', '2012-12-17 18:50:54', NULL)[0m
  [1m[35m (0.0ms)[0m  INSERT INTO "altered_photos" ("id","filename","created_at","updated_at","tumbnail") VALUES (5, 'mosaic.jpg', '2012-12-17 18:51:07', '2012-12-17 18:51:07', NULL)
  [1m[36m (0.0ms)[0m  [1mINSERT INTO "altered_photos" ("id","filename","created_at","updated_at","tumbnail") VALUES (6, 'polar_bear.jpg', '2012-12-17 18:51:21', '2012-12-17 18:51:21', NULL)[0m
  [1m[35m (0.0ms)[0m  INSERT INTO "altered_photos" ("id","filename","created_at","updated_at","tumbnail") VALUES (7, 'police.jpg', '2012-12-17 18:51:35', '2012-12-17 18:51:35', NULL)
  [1m[36m (0.0ms)[0m  [1mINSERT INTO "altered_photos" ("id","filename","created_at","updated_at","tumbnail") VALUES (8, 'sleeping_dog.jpg', '2012-12-17 18:51:51', '2012-12-17 18:51:51', NULL)[0m
  [1m[35m (0.0ms)[0m  INSERT INTO "altered_photos" ("id","filename","created_at","updated_at","tumbnail") VALUES (9, 'stairs.jpg', '2012-12-17 18:52:02', '2012-12-17 18:52:02', NULL)
  [1m[36m (0.2ms)[0m  [1mDROP TABLE "photos"[0m
  [1m[35m (0.1ms)[0m  CREATE TABLE "photos" ("id" INTEGER PRIMARY KEY AUTOINCREMENT NOT NULL, "filename" varchar(255), "created_at" datetime NOT NULL, "updated_at" datetime NOT NULL, "tumbnail" varchar(255)) 
  [1m[36m (0.1ms)[0m  [1mSELECT * FROM "altered_photos"[0m
  [1m[35m (0.0ms)[0m  INSERT INTO "photos" ("id","filename","created_at","updated_at","tumbnail") VALUES (1, 'balboa_park.jpg', '2012-12-17 18:52:46', '2012-12-17 18:52:46', NULL)
  [1m[36m (0.0ms)[0m  [1mINSERT INTO "photos" ("id","filename","created_at","updated_at","tumbnail") VALUES (2, 'camel.jpg', '2012-12-17 18:50:18', '2012-12-17 18:50:18', NULL)[0m
  [1m[35m (0.0ms)[0m  INSERT INTO "photos" ("id","filename","created_at","updated_at","tumbnail") VALUES (3, 'cat_and_candles.jpg', '2012-12-17 18:50:37', '2012-12-17 18:50:37', NULL)
  [1m[36m (0.0ms)[0m  [1mINSERT INTO "photos" ("id","filename","created_at","updated_at","tumbnail") VALUES (4, 'hut.jpg', '2012-12-17 18:50:54', '2012-12-17 18:50:54', NULL)[0m
  [1m[35m (0.0ms)[0m  INSERT INTO "photos" ("id","filename","created_at","updated_at","tumbnail") VALUES (5, 'mosaic.jpg', '2012-12-17 18:51:07', '2012-12-17 18:51:07', NULL)
  [1m[36m (0.0ms)[0m  [1mINSERT INTO "photos" ("id","filename","created_at","updated_at","tumbnail") VALUES (6, 'polar_bear.jpg', '2012-12-17 18:51:21', '2012-12-17 18:51:21', NULL)[0m
  [1m[35m (0.0ms)[0m  INSERT INTO "photos" ("id","filename","created_at","updated_at","tumbnail") VALUES (7, 'police.jpg', '2012-12-17 18:51:35', '2012-12-17 18:51:35', NULL)
  [1m[36m (0.0ms)[0m  [1mINSERT INTO "photos" ("id","filename","created_at","updated_at","tumbnail") VALUES (8, 'sleeping_dog.jpg', '2012-12-17 18:51:51', '2012-12-17 18:51:51', NULL)[0m
  [1m[35m (0.1ms)[0m  INSERT INTO "photos" ("id","filename","created_at","updated_at","tumbnail") VALUES (9, 'stairs.jpg', '2012-12-17 18:52:02', '2012-12-17 18:52:02', NULL)
  [1m[36m (0.1ms)[0m  [1mDROP TABLE "altered_photos"[0m
  [1m[35m (0.1ms)[0m  DELETE FROM "schema_migrations" WHERE "schema_migrations"."version" = '20121220223703'
  [1m[36m (225.1ms)[0m  [1mcommit transaction[0m
Migrating to CreateCategories (20121217191027)
  [1m[35m (0.1ms)[0m  begin transaction
  [1m[36mPhoto Load (0.1ms)[0m  [1mSELECT "photos".* FROM "photos" [0m
  [1m[35mSQL (0.2ms)[0m  INSERT INTO "categories" ("name", "parent_id") VALUES (?, ?)  [["name", "All"], ["parent_id", nil]]
  [1m[36m (0.0ms)[0m  [1mINSERT INTO "categories_photos" ("photo_id", "category_id") VALUES (1, 8)[0m
  [1m[35m (0.0ms)[0m  INSERT INTO "categories_photos" ("photo_id", "category_id") VALUES (2, 8)
  [1m[36m (0.0ms)[0m  [1mINSERT INTO "categories_photos" ("photo_id", "category_id") VALUES (3, 8)[0m
  [1m[35m (0.0ms)[0m  INSERT INTO "categories_photos" ("photo_id", "category_id") VALUES (4, 8)
  [1m[36m (0.0ms)[0m  [1mINSERT INTO "categories_photos" ("photo_id", "category_id") VALUES (5, 8)[0m
  [1m[35m (0.0ms)[0m  INSERT INTO "categories_photos" ("photo_id", "category_id") VALUES (6, 8)
  [1m[36m (0.0ms)[0m  [1mINSERT INTO "categories_photos" ("photo_id", "category_id") VALUES (7, 8)[0m
  [1m[35m (0.0ms)[0m  INSERT INTO "categories_photos" ("photo_id", "category_id") VALUES (8, 8)
  [1m[36m (0.0ms)[0m  [1mINSERT INTO "categories_photos" ("photo_id", "category_id") VALUES (9, 8)[0m
  [1m[35m (0.2ms)[0m  DROP TABLE "categories_photos"
  [1m[36m (0.1ms)[0m  [1mDROP TABLE "categories"[0m
  [1m[35m (0.1ms)[0m  DELETE FROM "schema_migrations" WHERE "schema_migrations"."version" = '20121217191027'
  [1m[36m (163.0ms)[0m  [1mcommit transaction[0m
Migrating to CreateSlides (20121129214307)
  [1m[35m (0.2ms)[0m  begin transaction
  [1m[36m (0.8ms)[0m  [1mDROP TABLE "slides"[0m
  [1m[35m (0.2ms)[0m  DELETE FROM "schema_migrations" WHERE "schema_migrations"."version" = '20121129214307'
  [1m[36m (144.9ms)[0m  [1mcommit transaction[0m
Migrating to CreateSlideshows (20121129214256)
  [1m[35m (0.1ms)[0m  begin transaction
  [1m[36m (0.8ms)[0m  [1mDROP TABLE "slideshows"[0m
  [1m[35m (0.3ms)[0m  DELETE FROM "schema_migrations" WHERE "schema_migrations"."version" = '20121129214256'
  [1m[36m (176.1ms)[0m  [1mcommit transaction[0m
Migrating to CreatePhotos (20121122200603)
  [1m[35m (0.1ms)[0m  begin transaction
  [1m[36m (0.1ms)[0m  [1mrollback transaction[0m
Connecting to database specified by database.yml
  [1m[36m (0.1ms)[0m  [1mSELECT "schema_migrations"."version" FROM "schema_migrations" [0m
Migrating to CreatePhotos (20121122200603)
Migrating to CreateSlideshows (20121129214256)
  [1m[35m (0.0ms)[0m  select sqlite_version(*)
  [1m[36m (0.0ms)[0m  [1mbegin transaction[0m
  [1m[35m (0.3ms)[0m  CREATE TABLE "slideshows" ("id" INTEGER PRIMARY KEY AUTOINCREMENT NOT NULL, "name" varchar(255), "created_at" datetime NOT NULL, "updated_at" datetime NOT NULL) 
  [1m[36m (0.1ms)[0m  [1mINSERT INTO "schema_migrations" ("version") VALUES ('20121129214256')[0m
  [1m[35m (197.3ms)[0m  commit transaction
Migrating to CreateSlides (20121129214307)
  [1m[36m (0.1ms)[0m  [1mbegin transaction[0m
  [1m[35m (0.7ms)[0m  CREATE TABLE "slides" ("id" INTEGER PRIMARY KEY AUTOINCREMENT NOT NULL, "position" integer, "photo_id" integer, "slideshow_id" integer) 
  [1m[36m (0.3ms)[0m  [1mINSERT INTO "schema_migrations" ("version") VALUES ('20121129214307')[0m
  [1m[35m (203.4ms)[0m  commit transaction
Migrating to CreateCategories (20121217191027)
  [1m[36m (0.1ms)[0m  [1mbegin transaction[0m
  [1m[35m (0.7ms)[0m  CREATE TABLE "categories" ("id" INTEGER PRIMARY KEY AUTOINCREMENT NOT NULL, "name" varchar(255), "parent_id" integer) 
  [1m[36m (0.4ms)[0m  [1mCREATE TABLE "categories_photos" ("category_id" integer, "photo_id" integer) [0m
  [1m[35mPhoto Load (0.1ms)[0m  SELECT "photos".* FROM "photos" 
  [1m[36mSQL (1.9ms)[0m  [1mINSERT INTO "categories" ("name", "parent_id") VALUES (?, ?)[0m  [["name", "All"], ["parent_id", nil]]
  [1m[35m (0.0ms)[0m  INSERT INTO "categories_photos" ("photo_id", "category_id") VALUES (1, 1)
  [1m[36m (0.0ms)[0m  [1mINSERT INTO "categories_photos" ("photo_id", "category_id") VALUES (2, 1)[0m
  [1m[35m (0.0ms)[0m  INSERT INTO "categories_photos" ("photo_id", "category_id") VALUES (3, 1)
  [1m[36m (0.0ms)[0m  [1mINSERT INTO "categories_photos" ("photo_id", "category_id") VALUES (4, 1)[0m
  [1m[35m (0.0ms)[0m  INSERT INTO "categories_photos" ("photo_id", "category_id") VALUES (5, 1)
  [1m[36m (0.0ms)[0m  [1mINSERT INTO "categories_photos" ("photo_id", "category_id") VALUES (6, 1)[0m
  [1m[35m (0.0ms)[0m  INSERT INTO "categories_photos" ("photo_id", "category_id") VALUES (7, 1)
  [1m[36m (0.0ms)[0m  [1mINSERT INTO "categories_photos" ("photo_id", "category_id") VALUES (8, 1)[0m
  [1m[35m (0.0ms)[0m  INSERT INTO "categories_photos" ("photo_id", "category_id") VALUES (9, 1)
  [1m[36m (0.1ms)[0m  [1mINSERT INTO "schema_migrations" ("version") VALUES ('20121217191027')[0m
  [1m[35m (193.9ms)[0m  commit transaction
Migrating to AddThumbnailToPhotos (20121220223703)
  [1m[36m (0.1ms)[0m  [1mbegin transaction[0m
  [1m[35m (0.5ms)[0m  ALTER TABLE "photos" ADD "thumbnail" varchar(255)
  [1m[36m (0.3ms)[0m  [1mINSERT INTO "schema_migrations" ("version") VALUES ('20121220223703')[0m
  [1m[35m (147.7ms)[0m  commit transaction
  [1m[36m (0.2ms)[0m  [1mSELECT "schema_migrations"."version" FROM "schema_migrations" [0m
Connecting to database specified by database.yml


Started GET "/photos" for 127.0.0.1 at 2012-12-21 03:15:27 +0430
Processing by PhotosController#index as HTML
  [1m[36mPhoto Load (0.1ms)[0m  [1mSELECT "photos".* FROM "photos" [0m
  Rendered photos/index.html.erb within layouts/application (20.0ms)
Completed 200 OK in 83ms (Views: 39.2ms | ActiveRecord: 14.4ms)


Started GET "/assets/application.css?body=1" for 127.0.0.1 at 2012-12-21 03:15:28 +0430
Served asset /application.css - 304 Not Modified (9ms)


Started GET "/assets/scaffolds.css?body=1" for 127.0.0.1 at 2012-12-21 03:15:28 +0430
Served asset /scaffolds.css - 304 Not Modified (6ms)


Started GET "/assets/photos.css?body=1" for 127.0.0.1 at 2012-12-21 03:15:28 +0430
Served asset /photos.css - 304 Not Modified (3ms)


Started GET "/assets/photos.js?body=1" for 127.0.0.1 at 2012-12-21 03:15:28 +0430
Served asset /photos.js - 304 Not Modified (3ms)


Started GET "/assets/jquery_ujs.js?body=1" for 127.0.0.1 at 2012-12-21 03:15:28 +0430
Served asset /jquery_ujs.js - 304 Not Modified (4ms)


Started GET "/assets/jquery.js?body=1" for 127.0.0.1 at 2012-12-21 03:15:28 +0430
Served asset /jquery.js - 304 Not Modified (7ms)


Started GET "/assets/application.js?body=1" for 127.0.0.1 at 2012-12-21 03:15:28 +0430
Served asset /application.js - 304 Not Modified (13ms)


Started GET "/photos/1" for 127.0.0.1 at 2012-12-21 03:15:32 +0430
Processing by PhotosController#show as HTML
  Parameters: {"id"=>"1"}
  [1m[35mPhoto Load (0.2ms)[0m  SELECT "photos".* FROM "photos" WHERE "photos"."id" = ? LIMIT 1  [["id", "1"]]
  Rendered photos/show.html.erb within layouts/application (0.8ms)
Completed 200 OK in 7ms (Views: 5.1ms | ActiveRecord: 0.2ms)


Started GET "/assets/application.css?body=1" for 127.0.0.1 at 2012-12-21 03:15:32 +0430
Served asset /application.css - 304 Not Modified (7ms)


Started GET "/assets/photos.css?body=1" for 127.0.0.1 at 2012-12-21 03:15:32 +0430
Served asset /photos.css - 304 Not Modified (0ms)


Started GET "/assets/scaffolds.css?body=1" for 127.0.0.1 at 2012-12-21 03:15:32 +0430
Served asset /scaffolds.css - 304 Not Modified (0ms)


Started GET "/assets/photos.js?body=1" for 127.0.0.1 at 2012-12-21 03:15:32 +0430
Served asset /photos.js - 304 Not Modified (0ms)


Started GET "/assets/jquery.js?body=1" for 127.0.0.1 at 2012-12-21 03:15:32 +0430
Served asset /jquery.js - 304 Not Modified (2ms)


Started GET "/assets/jquery_ujs.js?body=1" for 127.0.0.1 at 2012-12-21 03:15:32 +0430
Served asset /jquery_ujs.js - 304 Not Modified (0ms)


Started GET "/assets/application.js?body=1" for 127.0.0.1 at 2012-12-21 03:15:32 +0430
Served asset /application.js - 304 Not Modified (3ms)
Connecting to database specified by database.yml
Connecting to database specified by database.yml
  [1m[36m (0.1ms)[0m  [1mSELECT "schema_migrations"."version" FROM "schema_migrations" [0m
Migrating to CreatePhotos (20121122200603)
Migrating to CreateSlideshows (20121129214256)
Migrating to CreateSlides (20121129214307)
Migrating to CreateCategories (20121217191027)
Migrating to AddThumbnailToPhotos (20121220223703)
Migrating to AddDescriptionToPhotos (20121220224611)
  [1m[35m (0.0ms)[0m  select sqlite_version(*)
  [1m[36m (0.0ms)[0m  [1mbegin transaction[0m
  [1m[35m (0.2ms)[0m  ALTER TABLE "photos" ADD "description" varchar(255)
  [1m[36m (0.1ms)[0m  [1mINSERT INTO "schema_migrations" ("version") VALUES ('20121220224611')[0m
  [1m[35m (180.3ms)[0m  commit transaction
  [1m[36m (0.3ms)[0m  [1mSELECT "schema_migrations"."version" FROM "schema_migrations" [0m


Started GET "/photos" for 127.0.0.1 at 2012-12-21 03:20:35 +0430
Processing by PhotosController#index as HTML
  [1m[36mPhoto Load (0.1ms)[0m  [1mSELECT "photos".* FROM "photos" [0m
  Rendered photos/index.html.erb within layouts/application (5.2ms)
Completed 200 OK in 17ms (Views: 9.8ms | ActiveRecord: 0.4ms)


Started GET "/assets/application.css?body=1" for 127.0.0.1 at 2012-12-21 03:20:35 +0430
Served asset /application.css - 304 Not Modified (1ms)


Started GET "/assets/photos.css?body=1" for 127.0.0.1 at 2012-12-21 03:20:35 +0430
Served asset /photos.css - 304 Not Modified (5ms)


Started GET "/assets/jquery.js?body=1" for 127.0.0.1 at 2012-12-21 03:20:35 +0430
Served asset /jquery.js - 304 Not Modified (2ms)


Started GET "/assets/scaffolds.css?body=1" for 127.0.0.1 at 2012-12-21 03:20:35 +0430
Served asset /scaffolds.css - 304 Not Modified (0ms)


Started GET "/assets/photos.js?body=1" for 127.0.0.1 at 2012-12-21 03:20:35 +0430
Served asset /photos.js - 304 Not Modified (0ms)


Started GET "/assets/jquery_ujs.js?body=1" for 127.0.0.1 at 2012-12-21 03:20:35 +0430
Served asset /jquery_ujs.js - 304 Not Modified (0ms)


Started GET "/assets/application.js?body=1" for 127.0.0.1 at 2012-12-21 03:20:35 +0430
Served asset /application.js - 304 Not Modified (2ms)


Started GET "/photos/1" for 127.0.0.1 at 2012-12-21 03:20:37 +0430
Processing by PhotosController#show as HTML
  Parameters: {"id"=>"1"}
  [1m[35mPhoto Load (0.5ms)[0m  SELECT "photos".* FROM "photos" WHERE "photos"."id" = ? LIMIT 1  [["id", "1"]]
ERROR: compiling _app_views_photos_show_html_erb___3311180876400182203_69885897715340 RAISED /home/joe/projects/git/photos/app/views/photos/show.html.erb:13: syntax error, unexpected keyword_ensure, expecting keyword_end
/home/joe/projects/git/photos/app/views/photos/show.html.erb:15: syntax error, unexpected $end, expecting keyword_end
Function body:           def _app_views_photos_show_html_erb___3311180876400182203_69885897715340(local_assigns, output_buffer)
            _old_virtual_path, @virtual_path = @virtual_path, "photos/show";_old_output_buffer = @output_buffer;;@output_buffer = output_buffer || ActionView::OutputBuffer.new;@output_buffer.safe_concat('<p id="notice">');@output_buffer.append= ( notice );@output_buffer.safe_concat('</p>

'); for column in Photo.content_colums 
@output_buffer.safe_concat('<p>
  <b>');@output_buffer.append= ( column.human_name );@output_buffer.safe_concat('</b>
  ');@output_buffer.append= ( @photo.send(column.name) );@output_buffer.safe_concat('
');@output_buffer.safe_concat('</p>


');@output_buffer.append= ( link_to 'Edit', edit_photo_path(@photo) );@output_buffer.safe_concat(' |
');@output_buffer.append= ( link_to 'Back', photos_path );@output_buffer.safe_concat('
');@output_buffer.to_s
          ensure
            @virtual_path, @output_buffer = _old_virtual_path, _old_output_buffer
          end

Backtrace: /usr/lib/ruby/gems/1.9.1/gems/actionpack-3.2.9/lib/action_view/template.rb:297:in `module_eval'
/usr/lib/ruby/gems/1.9.1/gems/actionpack-3.2.9/lib/action_view/template.rb:297:in `compile'
/usr/lib/ruby/gems/1.9.1/gems/actionpack-3.2.9/lib/action_view/template.rb:244:in `block in compile!'
<internal:prelude>:10:in `synchronize'
/usr/lib/ruby/gems/1.9.1/gems/actionpack-3.2.9/lib/action_view/template.rb:232:in `compile!'
/usr/lib/ruby/gems/1.9.1/gems/actionpack-3.2.9/lib/action_view/template.rb:144:in `block in render'
/usr/lib/ruby/gems/1.9.1/gems/activesupport-3.2.9/lib/active_support/notifications.rb:125:in `instrument'
/usr/lib/ruby/gems/1.9.1/gems/actionpack-3.2.9/lib/action_view/template.rb:143:in `render'
/usr/lib/ruby/gems/1.9.1/gems/actionpack-3.2.9/lib/action_view/renderer/template_renderer.rb:47:in `block (2 levels) in render_template'
/usr/lib/ruby/gems/1.9.1/gems/actionpack-3.2.9/lib/action_view/renderer/abstract_renderer.rb:38:in `block in instrument'
/usr/lib/ruby/gems/1.9.1/gems/activesupport-3.2.9/lib/active_support/notifications.rb:123:in `block in instrument'
/usr/lib/ruby/gems/1.9.1/gems/activesupport-3.2.9/lib/active_support/notifications/instrumenter.rb:20:in `instrument'
/usr/lib/ruby/gems/1.9.1/gems/activesupport-3.2.9/lib/active_support/notifications.rb:123:in `instrument'
/usr/lib/ruby/gems/1.9.1/gems/actionpack-3.2.9/lib/action_view/renderer/abstract_renderer.rb:38:in `instrument'
/usr/lib/ruby/gems/1.9.1/gems/actionpack-3.2.9/lib/action_view/renderer/template_renderer.rb:46:in `block in render_template'
/usr/lib/ruby/gems/1.9.1/gems/actionpack-3.2.9/lib/action_view/renderer/template_renderer.rb:54:in `render_with_layout'
/usr/lib/ruby/gems/1.9.1/gems/actionpack-3.2.9/lib/action_view/renderer/template_renderer.rb:45:in `render_template'
/usr/lib/ruby/gems/1.9.1/gems/actionpack-3.2.9/lib/action_view/renderer/template_renderer.rb:18:in `render'
/usr/lib/ruby/gems/1.9.1/gems/actionpack-3.2.9/lib/action_view/renderer/renderer.rb:36:in `render_template'
/usr/lib/ruby/gems/1.9.1/gems/actionpack-3.2.9/lib/action_view/renderer/renderer.rb:17:in `render'
/usr/lib/ruby/gems/1.9.1/gems/actionpack-3.2.9/lib/abstract_controller/rendering.rb:110:in `_render_template'
/usr/lib/ruby/gems/1.9.1/gems/actionpack-3.2.9/lib/action_controller/metal/streaming.rb:225:in `_render_template'
/usr/lib/ruby/gems/1.9.1/gems/actionpack-3.2.9/lib/abstract_controller/rendering.rb:103:in `render_to_body'
/usr/lib/ruby/gems/1.9.1/gems/actionpack-3.2.9/lib/action_controller/metal/renderers.rb:28:in `render_to_body'
/usr/lib/ruby/gems/1.9.1/gems/actionpack-3.2.9/lib/action_controller/metal/compatibility.rb:50:in `render_to_body'
/usr/lib/ruby/gems/1.9.1/gems/actionpack-3.2.9/lib/abstract_controller/rendering.rb:88:in `render'
/usr/lib/ruby/gems/1.9.1/gems/actionpack-3.2.9/lib/action_controller/metal/rendering.rb:16:in `render'
/usr/lib/ruby/gems/1.9.1/gems/actionpack-3.2.9/lib/action_controller/metal/instrumentation.rb:40:in `block (2 levels) in render'
/usr/lib/ruby/gems/1.9.1/gems/activesupport-3.2.9/lib/active_support/core_ext/benchmark.rb:5:in `block in ms'
/usr/lib/ruby/1.9.1/benchmark.rb:295:in `realtime'
/usr/lib/ruby/gems/1.9.1/gems/activesupport-3.2.9/lib/active_support/core_ext/benchmark.rb:5:in `ms'
/usr/lib/ruby/gems/1.9.1/gems/actionpack-3.2.9/lib/action_controller/metal/instrumentation.rb:40:in `block in render'
/usr/lib/ruby/gems/1.9.1/gems/actionpack-3.2.9/lib/action_controller/metal/instrumentation.rb:83:in `cleanup_view_runtime'
/usr/lib/ruby/gems/1.9.1/gems/activerecord-3.2.9/lib/active_record/railties/controller_runtime.rb:24:in `cleanup_view_runtime'
/usr/lib/ruby/gems/1.9.1/gems/actionpack-3.2.9/lib/action_controller/metal/instrumentation.rb:39:in `render'
/usr/lib/ruby/gems/1.9.1/gems/actionpack-3.2.9/lib/action_controller/metal/implicit_render.rb:10:in `default_render'
/usr/lib/ruby/gems/1.9.1/gems/actionpack-3.2.9/lib/action_controller/metal/mime_responds.rb:196:in `respond_to'
/home/joe/projects/git/photos/app/controllers/photos_controller.rb:18:in `show'
/usr/lib/ruby/gems/1.9.1/gems/actionpack-3.2.9/lib/action_controller/metal/implicit_render.rb:4:in `send_action'
/usr/lib/ruby/gems/1.9.1/gems/actionpack-3.2.9/lib/abstract_controller/base.rb:167:in `process_action'
/usr/lib/ruby/gems/1.9.1/gems/actionpack-3.2.9/lib/action_controller/metal/rendering.rb:10:in `process_action'
/usr/lib/ruby/gems/1.9.1/gems/actionpack-3.2.9/lib/abstract_controller/callbacks.rb:18:in `block in process_action'
/usr/lib/ruby/gems/1.9.1/gems/activesupport-3.2.9/lib/active_support/callbacks.rb:414:in `_run__4009977538133877654__process_action__2184588700494546698__callbacks'
/usr/lib/ruby/gems/1.9.1/gems/activesupport-3.2.9/lib/active_support/callbacks.rb:405:in `__run_callback'
/usr/lib/ruby/gems/1.9.1/gems/activesupport-3.2.9/lib/active_support/callbacks.rb:385:in `_run_process_action_callbacks'
/usr/lib/ruby/gems/1.9.1/gems/activesupport-3.2.9/lib/active_support/callbacks.rb:81:in `run_callbacks'
/usr/lib/ruby/gems/1.9.1/gems/actionpack-3.2.9/lib/abstract_controller/callbacks.rb:17:in `process_action'
/usr/lib/ruby/gems/1.9.1/gems/actionpack-3.2.9/lib/action_controller/metal/rescue.rb:29:in `process_action'
/usr/lib/ruby/gems/1.9.1/gems/actionpack-3.2.9/lib/action_controller/metal/instrumentation.rb:30:in `block in process_action'
/usr/lib/ruby/gems/1.9.1/gems/activesupport-3.2.9/lib/active_support/notifications.rb:123:in `block in instrument'
/usr/lib/ruby/gems/1.9.1/gems/activesupport-3.2.9/lib/active_support/notifications/instrumenter.rb:20:in `instrument'
/usr/lib/ruby/gems/1.9.1/gems/activesupport-3.2.9/lib/active_support/notifications.rb:123:in `instrument'
/usr/lib/ruby/gems/1.9.1/gems/actionpack-3.2.9/lib/action_controller/metal/instrumentation.rb:29:in `process_action'
/usr/lib/ruby/gems/1.9.1/gems/actionpack-3.2.9/lib/action_controller/metal/params_wrapper.rb:207:in `process_action'
/usr/lib/ruby/gems/1.9.1/gems/activerecord-3.2.9/lib/active_record/railties/controller_runtime.rb:18:in `process_action'
/usr/lib/ruby/gems/1.9.1/gems/actionpack-3.2.9/lib/abstract_controller/base.rb:121:in `process'
/usr/lib/ruby/gems/1.9.1/gems/actionpack-3.2.9/lib/abstract_controller/rendering.rb:45:in `process'
/usr/lib/ruby/gems/1.9.1/gems/actionpack-3.2.9/lib/action_controller/metal.rb:203:in `dispatch'
/usr/lib/ruby/gems/1.9.1/gems/actionpack-3.2.9/lib/action_controller/metal/rack_delegation.rb:14:in `dispatch'
/usr/lib/ruby/gems/1.9.1/gems/actionpack-3.2.9/lib/action_controller/metal.rb:246:in `block in action'
/usr/lib/ruby/gems/1.9.1/gems/actionpack-3.2.9/lib/action_dispatch/routing/route_set.rb:73:in `call'
/usr/lib/ruby/gems/1.9.1/gems/actionpack-3.2.9/lib/action_dispatch/routing/route_set.rb:73:in `dispatch'
/usr/lib/ruby/gems/1.9.1/gems/actionpack-3.2.9/lib/action_dispatch/routing/route_set.rb:36:in `call'
/usr/lib/ruby/gems/1.9.1/gems/journey-1.0.4/lib/journey/router.rb:68:in `block in call'
/usr/lib/ruby/gems/1.9.1/gems/journey-1.0.4/lib/journey/router.rb:56:in `each'
/usr/lib/ruby/gems/1.9.1/gems/journey-1.0.4/lib/journey/router.rb:56:in `call'
/usr/lib/ruby/gems/1.9.1/gems/actionpack-3.2.9/lib/action_dispatch/routing/route_set.rb:601:in `call'
/usr/lib/ruby/gems/1.9.1/gems/actionpack-3.2.9/lib/action_dispatch/middleware/best_standards_support.rb:17:in `call'
/usr/lib/ruby/gems/1.9.1/gems/rack-1.4.1/lib/rack/etag.rb:23:in `call'
/usr/lib/ruby/gems/1.9.1/gems/rack-1.4.1/lib/rack/conditionalget.rb:25:in `call'
/usr/lib/ruby/gems/1.9.1/gems/actionpack-3.2.9/lib/action_dispatch/middleware/head.rb:14:in `call'
/usr/lib/ruby/gems/1.9.1/gems/actionpack-3.2.9/lib/action_dispatch/middleware/params_parser.rb:21:in `call'
/usr/lib/ruby/gems/1.9.1/gems/actionpack-3.2.9/lib/action_dispatch/middleware/flash.rb:242:in `call'
/usr/lib/ruby/gems/1.9.1/gems/rack-1.4.1/lib/rack/session/abstract/id.rb:205:in `context'
/usr/lib/ruby/gems/1.9.1/gems/rack-1.4.1/lib/rack/session/abstract/id.rb:200:in `call'
/usr/lib/ruby/gems/1.9.1/gems/actionpack-3.2.9/lib/action_dispatch/middleware/cookies.rb:341:in `call'
/usr/lib/ruby/gems/1.9.1/gems/activerecord-3.2.9/lib/active_record/query_cache.rb:64:in `call'
/usr/lib/ruby/gems/1.9.1/gems/activerecord-3.2.9/lib/active_record/connection_adapters/abstract/connection_pool.rb:479:in `call'
/usr/lib/ruby/gems/1.9.1/gems/actionpack-3.2.9/lib/action_dispatch/middleware/callbacks.rb:28:in `block in call'
/usr/lib/ruby/gems/1.9.1/gems/activesupport-3.2.9/lib/active_support/callbacks.rb:405:in `_run__2342705139920030903__call__4563368612308516797__callbacks'
/usr/lib/ruby/gems/1.9.1/gems/activesupport-3.2.9/lib/active_support/callbacks.rb:405:in `__run_callback'
/usr/lib/ruby/gems/1.9.1/gems/activesupport-3.2.9/lib/active_support/callbacks.rb:385:in `_run_call_callbacks'
/usr/lib/ruby/gems/1.9.1/gems/activesupport-3.2.9/lib/active_support/callbacks.rb:81:in `run_callbacks'
/usr/lib/ruby/gems/1.9.1/gems/actionpack-3.2.9/lib/action_dispatch/middleware/callbacks.rb:27:in `call'
/usr/lib/ruby/gems/1.9.1/gems/actionpack-3.2.9/lib/action_dispatch/middleware/reloader.rb:65:in `call'
/usr/lib/ruby/gems/1.9.1/gems/actionpack-3.2.9/lib/action_dispatch/middleware/remote_ip.rb:31:in `call'
/usr/lib/ruby/gems/1.9.1/gems/actionpack-3.2.9/lib/action_dispatch/middleware/debug_exceptions.rb:16:in `call'
/usr/lib/ruby/gems/1.9.1/gems/actionpack-3.2.9/lib/action_dispatch/middleware/show_exceptions.rb:56:in `call'
/usr/lib/ruby/gems/1.9.1/gems/railties-3.2.9/lib/rails/rack/logger.rb:32:in `call_app'
/usr/lib/ruby/gems/1.9.1/gems/railties-3.2.9/lib/rails/rack/logger.rb:16:in `block in call'
/usr/lib/ruby/gems/1.9.1/gems/activesupport-3.2.9/lib/active_support/tagged_logging.rb:22:in `tagged'
/usr/lib/ruby/gems/1.9.1/gems/railties-3.2.9/lib/rails/rack/logger.rb:16:in `call'
/usr/lib/ruby/gems/1.9.1/gems/actionpack-3.2.9/lib/action_dispatch/middleware/request_id.rb:22:in `call'
/usr/lib/ruby/gems/1.9.1/gems/rack-1.4.1/lib/rack/methodoverride.rb:21:in `call'
/usr/lib/ruby/gems/1.9.1/gems/rack-1.4.1/lib/rack/runtime.rb:17:in `call'
/usr/lib/ruby/gems/1.9.1/gems/activesupport-3.2.9/lib/active_support/cache/strategy/local_cache.rb:72:in `call'
/usr/lib/ruby/gems/1.9.1/gems/rack-1.4.1/lib/rack/lock.rb:15:in `call'
/usr/lib/ruby/gems/1.9.1/gems/actionpack-3.2.9/lib/action_dispatch/middleware/static.rb:62:in `call'
/usr/lib/ruby/gems/1.9.1/gems/railties-3.2.9/lib/rails/engine.rb:479:in `call'
/usr/lib/ruby/gems/1.9.1/gems/railties-3.2.9/lib/rails/application.rb:223:in `call'
/usr/lib/ruby/gems/1.9.1/gems/rack-1.4.1/lib/rack/content_length.rb:14:in `call'
/usr/lib/ruby/gems/1.9.1/gems/railties-3.2.9/lib/rails/rack/log_tailer.rb:17:in `call'
/usr/lib/ruby/gems/1.9.1/gems/rack-1.4.1/lib/rack/handler/webrick.rb:59:in `service'
/usr/lib/ruby/1.9.1/webrick/httpserver.rb:138:in `service'
/usr/lib/ruby/1.9.1/webrick/httpserver.rb:94:in `run'
/usr/lib/ruby/1.9.1/webrick/server.rb:191:in `block in start_thread'
  Rendered photos/show.html.erb within layouts/application (64.8ms)
Completed 500 Internal Server Error in 72ms

ActionView::Template::Error (/home/joe/projects/git/photos/app/views/photos/show.html.erb:13: syntax error, unexpected keyword_ensure, expecting keyword_end
/home/joe/projects/git/photos/app/views/photos/show.html.erb:15: syntax error, unexpected $end, expecting keyword_end):
    10: <%= link_to 'Edit', edit_photo_path(@photo) %> |
    11: <%= link_to 'Back', photos_path %>
  app/controllers/photos_controller.rb:18:in `show'


  Rendered /usr/lib/ruby/gems/1.9.1/gems/actionpack-3.2.9/lib/action_dispatch/middleware/templates/rescues/_trace.erb (1.0ms)
  Rendered /usr/lib/ruby/gems/1.9.1/gems/actionpack-3.2.9/lib/action_dispatch/middleware/templates/rescues/_request_and_response.erb (0.7ms)
  Rendered /usr/lib/ruby/gems/1.9.1/gems/actionpack-3.2.9/lib/action_dispatch/middleware/templates/rescues/template_error.erb within rescues/layout (9.6ms)


Started GET "/photos/1" for 127.0.0.1 at 2012-12-21 03:21:24 +0430
Processing by PhotosController#show as HTML
  Parameters: {"id"=>"1"}
  [1m[36mPhoto Load (0.1ms)[0m  [1mSELECT "photos".* FROM "photos" WHERE "photos"."id" = ? LIMIT 1[0m  [["id", "1"]]
  Rendered photos/show.html.erb within layouts/application (1.0ms)
Completed 500 Internal Server Error in 4ms

ActionView::Template::Error (undefined method `content_colums' for #<Class:0x007f1f2833e188>):
    1: <p id="notice"><%= notice %></p>
    2: 
    3: <% for column in Photo.content_colums %>
    4: <p>
    5:   <b><%= column.human_name %></b>
    6:   <%= @photo.send(column.name) %>
  app/views/photos/show.html.erb:3:in `_app_views_photos_show_html_erb___3311180876400182203_23665040'
  app/controllers/photos_controller.rb:18:in `show'


  Rendered /usr/lib/ruby/gems/1.9.1/gems/actionpack-3.2.9/lib/action_dispatch/middleware/templates/rescues/_trace.erb (0.9ms)
  Rendered /usr/lib/ruby/gems/1.9.1/gems/actionpack-3.2.9/lib/action_dispatch/middleware/templates/rescues/_request_and_response.erb (0.7ms)
  Rendered /usr/lib/ruby/gems/1.9.1/gems/actionpack-3.2.9/lib/action_dispatch/middleware/templates/rescues/template_error.erb within rescues/layout (5.3ms)


Started GET "/photos/1" for 127.0.0.1 at 2012-12-21 03:21:40 +0430
Processing by PhotosController#show as HTML
  Parameters: {"id"=>"1"}
  [1m[35mPhoto Load (0.2ms)[0m  SELECT "photos".* FROM "photos" WHERE "photos"."id" = ? LIMIT 1  [["id", "1"]]
  Rendered photos/show.html.erb within layouts/application (98.0ms)
Completed 200 OK in 108ms (Views: 105.6ms | ActiveRecord: 0.2ms)


Started GET "/assets/application.css?body=1" for 127.0.0.1 at 2012-12-21 03:21:40 +0430
Served asset /application.css - 304 Not Modified (0ms)


Started GET "/assets/jquery.js?body=1" for 127.0.0.1 at 2012-12-21 03:21:40 +0430
Served asset /jquery.js - 304 Not Modified (3ms)


Started GET "/assets/scaffolds.css?body=1" for 127.0.0.1 at 2012-12-21 03:21:40 +0430
Served asset /scaffolds.css - 304 Not Modified (0ms)


Started GET "/assets/photos.css?body=1" for 127.0.0.1 at 2012-12-21 03:21:40 +0430
Served asset /photos.css - 304 Not Modified (0ms)


Started GET "/assets/jquery_ujs.js?body=1" for 127.0.0.1 at 2012-12-21 03:21:40 +0430
Served asset /jquery_ujs.js - 304 Not Modified (0ms)


Started GET "/assets/photos.js?body=1" for 127.0.0.1 at 2012-12-21 03:21:40 +0430
Served asset /photos.js - 304 Not Modified (0ms)


Started GET "/assets/application.js?body=1" for 127.0.0.1 at 2012-12-21 03:21:40 +0430
Served asset /application.js - 304 Not Modified (2ms)
Connecting to database specified by database.yml
Connecting to database specified by database.yml
  [1m[36m (0.1ms)[0m  [1mSELECT "schema_migrations"."version" FROM "schema_migrations" [0m
Migrating to CreatePhotos (20121122200603)
Migrating to CreateSlideshows (20121129214256)
Migrating to CreateSlides (20121129214307)
Migrating to CreateCategories (20121217191027)
Migrating to AddThumbnailToPhotos (20121220223703)
Migrating to AddDescriptionToPhotos (20121220224611)
Migrating to RemoveTubnailFromPhotos (20121220225235)
  [1m[35m (0.0ms)[0m  select sqlite_version(*)
  [1m[36m (0.0ms)[0m  [1mbegin transaction[0m
  [1m[35m (0.4ms)[0m  CREATE TEMPORARY TABLE "altered_photos" ("id" INTEGER PRIMARY KEY AUTOINCREMENT NOT NULL, "filename" varchar(255), "created_at" datetime NOT NULL, "updated_at" datetime NOT NULL, "tumbnail" varchar(255), "thumbnail" varchar(255), "description" varchar(255)) 
  [1m[36m (0.1ms)[0m  [1mSELECT * FROM "photos"[0m
  [1m[35m (0.1ms)[0m  INSERT INTO "altered_photos" ("id","filename","created_at","updated_at","tumbnail","thumbnail","description") VALUES (1, 'balboa_park.jpg', '2012-12-17 18:52:46', '2012-12-17 18:52:46', NULL, NULL, NULL)
  [1m[36m (0.1ms)[0m  [1mINSERT INTO "altered_photos" ("id","filename","created_at","updated_at","tumbnail","thumbnail","description") VALUES (2, 'camel.jpg', '2012-12-17 18:50:18', '2012-12-17 18:50:18', NULL, NULL, NULL)[0m
  [1m[35m (0.0ms)[0m  INSERT INTO "altered_photos" ("id","filename","created_at","updated_at","tumbnail","thumbnail","description") VALUES (3, 'cat_and_candles.jpg', '2012-12-17 18:50:37', '2012-12-17 18:50:37', NULL, NULL, NULL)
  [1m[36m (0.0ms)[0m  [1mINSERT INTO "altered_photos" ("id","filename","created_at","updated_at","tumbnail","thumbnail","description") VALUES (4, 'hut.jpg', '2012-12-17 18:50:54', '2012-12-17 18:50:54', NULL, NULL, NULL)[0m
  [1m[35m (0.0ms)[0m  INSERT INTO "altered_photos" ("id","filename","created_at","updated_at","tumbnail","thumbnail","description") VALUES (5, 'mosaic.jpg', '2012-12-17 18:51:07', '2012-12-17 18:51:07', NULL, NULL, NULL)
  [1m[36m (0.1ms)[0m  [1mINSERT INTO "altered_photos" ("id","filename","created_at","updated_at","tumbnail","thumbnail","description") VALUES (6, 'polar_bear.jpg', '2012-12-17 18:51:21', '2012-12-17 18:51:21', NULL, NULL, NULL)[0m
  [1m[35m (0.1ms)[0m  INSERT INTO "altered_photos" ("id","filename","created_at","updated_at","tumbnail","thumbnail","description") VALUES (7, 'police.jpg', '2012-12-17 18:51:35', '2012-12-17 18:51:35', NULL, NULL, NULL)
  [1m[36m (0.0ms)[0m  [1mINSERT INTO "altered_photos" ("id","filename","created_at","updated_at","tumbnail","thumbnail","description") VALUES (8, 'sleeping_dog.jpg', '2012-12-17 18:51:51', '2012-12-17 18:51:51', NULL, NULL, NULL)[0m
  [1m[35m (0.0ms)[0m  INSERT INTO "altered_photos" ("id","filename","created_at","updated_at","tumbnail","thumbnail","description") VALUES (9, 'stairs.jpg', '2012-12-17 18:52:02', '2012-12-17 18:52:02', NULL, NULL, NULL)
  [1m[36m (0.1ms)[0m  [1mDROP TABLE "photos"[0m
  [1m[35m (0.1ms)[0m  CREATE TABLE "photos" ("id" INTEGER PRIMARY KEY AUTOINCREMENT NOT NULL, "filename" varchar(255), "created_at" datetime NOT NULL, "updated_at" datetime NOT NULL, "tumbnail" varchar(255), "thumbnail" varchar(255), "description" varchar(255)) 
  [1m[36m (0.1ms)[0m  [1mSELECT * FROM "altered_photos"[0m
  [1m[35m (0.0ms)[0m  INSERT INTO "photos" ("id","filename","created_at","updated_at","tumbnail","thumbnail","description") VALUES (1, 'balboa_park.jpg', '2012-12-17 18:52:46', '2012-12-17 18:52:46', NULL, NULL, NULL)
  [1m[36m (0.0ms)[0m  [1mINSERT INTO "photos" ("id","filename","created_at","updated_at","tumbnail","thumbnail","description") VALUES (2, 'camel.jpg', '2012-12-17 18:50:18', '2012-12-17 18:50:18', NULL, NULL, NULL)[0m
  [1m[35m (0.0ms)[0m  INSERT INTO "photos" ("id","filename","created_at","updated_at","tumbnail","thumbnail","description") VALUES (3, 'cat_and_candles.jpg', '2012-12-17 18:50:37', '2012-12-17 18:50:37', NULL, NULL, NULL)
  [1m[36m (0.0ms)[0m  [1mINSERT INTO "photos" ("id","filename","created_at","updated_at","tumbnail","thumbnail","description") VALUES (4, 'hut.jpg', '2012-12-17 18:50:54', '2012-12-17 18:50:54', NULL, NULL, NULL)[0m
  [1m[35m (0.0ms)[0m  INSERT INTO "photos" ("id","filename","created_at","updated_at","tumbnail","thumbnail","description") VALUES (5, 'mosaic.jpg', '2012-12-17 18:51:07', '2012-12-17 18:51:07', NULL, NULL, NULL)
  [1m[36m (0.0ms)[0m  [1mINSERT INTO "photos" ("id","filename","created_at","updated_at","tumbnail","thumbnail","description") VALUES (6, 'polar_bear.jpg', '2012-12-17 18:51:21', '2012-12-17 18:51:21', NULL, NULL, NULL)[0m
  [1m[35m (0.0ms)[0m  INSERT INTO "photos" ("id","filename","created_at","updated_at","tumbnail","thumbnail","description") VALUES (7, 'police.jpg', '2012-12-17 18:51:35', '2012-12-17 18:51:35', NULL, NULL, NULL)
  [1m[36m (0.0ms)[0m  [1mINSERT INTO "photos" ("id","filename","created_at","updated_at","tumbnail","thumbnail","description") VALUES (8, 'sleeping_dog.jpg', '2012-12-17 18:51:51', '2012-12-17 18:51:51', NULL, NULL, NULL)[0m
  [1m[35m (0.0ms)[0m  INSERT INTO "photos" ("id","filename","created_at","updated_at","tumbnail","thumbnail","description") VALUES (9, 'stairs.jpg', '2012-12-17 18:52:02', '2012-12-17 18:52:02', NULL, NULL, NULL)
  [1m[36m (0.1ms)[0m  [1mDROP TABLE "altered_photos"[0m
  [1m[35m (0.1ms)[0m  INSERT INTO "schema_migrations" ("version") VALUES ('20121220225235')
  [1m[36m (256.5ms)[0m  [1mcommit transaction[0m
  [1m[35m (0.3ms)[0m  SELECT "schema_migrations"."version" FROM "schema_migrations" 


Started GET "/photos/1" for 127.0.0.1 at 2012-12-21 03:24:05 +0430
Processing by PhotosController#show as HTML
  Parameters: {"id"=>"1"}
  [1m[36mPhoto Load (0.1ms)[0m  [1mSELECT "photos".* FROM "photos" WHERE "photos"."id" = ? LIMIT 1[0m  [["id", "1"]]
  Rendered photos/show.html.erb within layouts/application (1.2ms)
Completed 200 OK in 13ms (Views: 6.0ms | ActiveRecord: 0.5ms)


Started GET "/assets/application.css?body=1" for 127.0.0.1 at 2012-12-21 03:24:06 +0430
Served asset /application.css - 304 Not Modified (1ms)


Started GET "/assets/photos.css?body=1" for 127.0.0.1 at 2012-12-21 03:24:06 +0430
Served asset /photos.css - 304 Not Modified (5ms)


Started GET "/assets/jquery_ujs.js?body=1" for 127.0.0.1 at 2012-12-21 03:24:06 +0430
Served asset /jquery_ujs.js - 304 Not Modified (0ms)


Started GET "/assets/scaffolds.css?body=1" for 127.0.0.1 at 2012-12-21 03:24:06 +0430
Served asset /scaffolds.css - 304 Not Modified (0ms)


Started GET "/assets/photos.js?body=1" for 127.0.0.1 at 2012-12-21 03:24:06 +0430
Served asset /photos.js - 304 Not Modified (0ms)


Started GET "/assets/jquery.js?body=1" for 127.0.0.1 at 2012-12-21 03:24:06 +0430
Served asset /jquery.js - 304 Not Modified (2ms)


Started GET "/assets/application.js?body=1" for 127.0.0.1 at 2012-12-21 03:24:06 +0430
Served asset /application.js - 304 Not Modified (3ms)


Started GET "/photos/3" for 127.0.0.1 at 2012-12-21 03:24:12 +0430
Processing by PhotosController#show as HTML
  Parameters: {"id"=>"3"}
  [1m[35mPhoto Load (0.1ms)[0m  SELECT "photos".* FROM "photos" WHERE "photos"."id" = ? LIMIT 1  [["id", "3"]]
  Rendered photos/show.html.erb within layouts/application (1.2ms)
Completed 200 OK in 6ms (Views: 5.6ms | ActiveRecord: 0.1ms)


Started GET "/assets/application.css?body=1" for 127.0.0.1 at 2012-12-21 03:24:12 +0430
Served asset /application.css - 304 Not Modified (1ms)


Started GET "/assets/photos.css?body=1" for 127.0.0.1 at 2012-12-21 03:24:12 +0430
Served asset /photos.css - 304 Not Modified (0ms)


Started GET "/assets/scaffolds.css?body=1" for 127.0.0.1 at 2012-12-21 03:24:12 +0430
Served asset /scaffolds.css - 304 Not Modified (0ms)


Started GET "/assets/jquery.js?body=1" for 127.0.0.1 at 2012-12-21 03:24:12 +0430
Served asset /jquery.js - 304 Not Modified (0ms)


Started GET "/assets/jquery_ujs.js?body=1" for 127.0.0.1 at 2012-12-21 03:24:12 +0430
Served asset /jquery_ujs.js - 304 Not Modified (0ms)


Started GET "/assets/application.js?body=1" for 127.0.0.1 at 2012-12-21 03:24:12 +0430
Served asset /application.js - 304 Not Modified (1ms)


Started GET "/assets/photos.js?body=1" for 127.0.0.1 at 2012-12-21 03:24:12 +0430
Served asset /photos.js - 304 Not Modified (0ms)
Connecting to database specified by database.yml
  [1m[36m (0.1ms)[0m  [1mSELECT "schema_migrations"."version" FROM "schema_migrations" [0m
  [1m[35m (0.1ms)[0m  SELECT "schema_migrations"."version" FROM "schema_migrations" 
  [1m[36m (0.1ms)[0m  [1mSELECT "schema_migrations"."version" FROM "schema_migrations" [0m
Connecting to database specified by database.yml
  [1m[36m (0.1ms)[0m  [1mSELECT "schema_migrations"."version" FROM "schema_migrations" [0m
  [1m[35m (0.1ms)[0m  SELECT "schema_migrations"."version" FROM "schema_migrations" 
  [1m[36m (0.1ms)[0m  [1mSELECT "schema_migrations"."version" FROM "schema_migrations" [0m
Connecting to database specified by database.yml
Connecting to database specified by database.yml
  [1m[36m (0.1ms)[0m  [1mSELECT "schema_migrations"."version" FROM "schema_migrations" [0m
Migrating to CreatePhotos (20121122200603)
Migrating to CreateSlideshows (20121129214256)
Migrating to CreateSlides (20121129214307)
Migrating to CreateCategories (20121217191027)
Migrating to AddThumbnailToPhotos (20121220223703)
Migrating to AddDescriptionToPhotos (20121220224611)
Migrating to RemoveTubnailFromPhotos (20121220225235)
Migrating to CorrectThumbnailColumn (20121220225543)
  [1m[35m (0.0ms)[0m  select sqlite_version(*)
  [1m[36m (0.0ms)[0m  [1mbegin transaction[0m
  [1m[35m (0.4ms)[0m  CREATE TEMPORARY TABLE "altered_photos" ("id" INTEGER PRIMARY KEY AUTOINCREMENT NOT NULL, "filename" varchar(255), "created_at" datetime NOT NULL, "updated_at" datetime NOT NULL, "tumbnail" varchar(255), "thumbnail" varchar(255), "description" varchar(255)) 
  [1m[36m (0.1ms)[0m  [1mSELECT * FROM "photos"[0m
  [1m[35m (0.1ms)[0m  INSERT INTO "altered_photos" ("id","filename","created_at","updated_at","tumbnail","thumbnail","description") VALUES (1, 'balboa_park.jpg', '2012-12-17 18:52:46', '2012-12-17 18:52:46', NULL, NULL, NULL)
  [1m[36m (0.0ms)[0m  [1mINSERT INTO "altered_photos" ("id","filename","created_at","updated_at","tumbnail","thumbnail","description") VALUES (2, 'camel.jpg', '2012-12-17 18:50:18', '2012-12-17 18:50:18', NULL, NULL, NULL)[0m
  [1m[35m (0.0ms)[0m  INSERT INTO "altered_photos" ("id","filename","created_at","updated_at","tumbnail","thumbnail","description") VALUES (3, 'cat_and_candles.jpg', '2012-12-17 18:50:37', '2012-12-17 18:50:37', NULL, NULL, NULL)
  [1m[36m (0.0ms)[0m  [1mINSERT INTO "altered_photos" ("id","filename","created_at","updated_at","tumbnail","thumbnail","description") VALUES (4, 'hut.jpg', '2012-12-17 18:50:54', '2012-12-17 18:50:54', NULL, NULL, NULL)[0m
  [1m[35m (0.0ms)[0m  INSERT INTO "altered_photos" ("id","filename","created_at","updated_at","tumbnail","thumbnail","description") VALUES (5, 'mosaic.jpg', '2012-12-17 18:51:07', '2012-12-17 18:51:07', NULL, NULL, NULL)
  [1m[36m (0.0ms)[0m  [1mINSERT INTO "altered_photos" ("id","filename","created_at","updated_at","tumbnail","thumbnail","description") VALUES (6, 'polar_bear.jpg', '2012-12-17 18:51:21', '2012-12-17 18:51:21', NULL, NULL, NULL)[0m
  [1m[35m (0.0ms)[0m  INSERT INTO "altered_photos" ("id","filename","created_at","updated_at","tumbnail","thumbnail","description") VALUES (7, 'police.jpg', '2012-12-17 18:51:35', '2012-12-17 18:51:35', NULL, NULL, NULL)
  [1m[36m (0.0ms)[0m  [1mINSERT INTO "altered_photos" ("id","filename","created_at","updated_at","tumbnail","thumbnail","description") VALUES (8, 'sleeping_dog.jpg', '2012-12-17 18:51:51', '2012-12-17 18:51:51', NULL, NULL, NULL)[0m
  [1m[35m (0.0ms)[0m  INSERT INTO "altered_photos" ("id","filename","created_at","updated_at","tumbnail","thumbnail","description") VALUES (9, 'stairs.jpg', '2012-12-17 18:52:02', '2012-12-17 18:52:02', NULL, NULL, NULL)
  [1m[36m (0.1ms)[0m  [1mDROP TABLE "photos"[0m
  [1m[35m (0.1ms)[0m  CREATE TABLE "photos" ("id" INTEGER PRIMARY KEY AUTOINCREMENT NOT NULL, "filename" varchar(255), "created_at" datetime NOT NULL, "updated_at" datetime NOT NULL, "thumbnail" varchar(255), "description" varchar(255)) 
  [1m[36m (0.1ms)[0m  [1mSELECT * FROM "altered_photos"[0m
  [1m[35m (0.0ms)[0m  INSERT INTO "photos" ("id","filename","created_at","updated_at","thumbnail","description") VALUES (1, 'balboa_park.jpg', '2012-12-17 18:52:46', '2012-12-17 18:52:46', NULL, NULL)
  [1m[36m (0.0ms)[0m  [1mINSERT INTO "photos" ("id","filename","created_at","updated_at","thumbnail","description") VALUES (2, 'camel.jpg', '2012-12-17 18:50:18', '2012-12-17 18:50:18', NULL, NULL)[0m
  [1m[35m (0.0ms)[0m  INSERT INTO "photos" ("id","filename","created_at","updated_at","thumbnail","description") VALUES (3, 'cat_and_candles.jpg', '2012-12-17 18:50:37', '2012-12-17 18:50:37', NULL, NULL)
  [1m[36m (0.0ms)[0m  [1mINSERT INTO "photos" ("id","filename","created_at","updated_at","thumbnail","description") VALUES (4, 'hut.jpg', '2012-12-17 18:50:54', '2012-12-17 18:50:54', NULL, NULL)[0m
  [1m[35m (0.0ms)[0m  INSERT INTO "photos" ("id","filename","created_at","updated_at","thumbnail","description") VALUES (5, 'mosaic.jpg', '2012-12-17 18:51:07', '2012-12-17 18:51:07', NULL, NULL)
  [1m[36m (0.0ms)[0m  [1mINSERT INTO "photos" ("id","filename","created_at","updated_at","thumbnail","description") VALUES (6, 'polar_bear.jpg', '2012-12-17 18:51:21', '2012-12-17 18:51:21', NULL, NULL)[0m
  [1m[35m (0.0ms)[0m  INSERT INTO "photos" ("id","filename","created_at","updated_at","thumbnail","description") VALUES (7, 'police.jpg', '2012-12-17 18:51:35', '2012-12-17 18:51:35', NULL, NULL)
  [1m[36m (0.0ms)[0m  [1mINSERT INTO "photos" ("id","filename","created_at","updated_at","thumbnail","description") VALUES (8, 'sleeping_dog.jpg', '2012-12-17 18:51:51', '2012-12-17 18:51:51', NULL, NULL)[0m
  [1m[35m (0.0ms)[0m  INSERT INTO "photos" ("id","filename","created_at","updated_at","thumbnail","description") VALUES (9, 'stairs.jpg', '2012-12-17 18:52:02', '2012-12-17 18:52:02', NULL, NULL)
  [1m[36m (0.1ms)[0m  [1mDROP TABLE "altered_photos"[0m
  [1m[35m (0.1ms)[0m  INSERT INTO "schema_migrations" ("version") VALUES ('20121220225543')
  [1m[36m (270.8ms)[0m  [1mcommit transaction[0m
  [1m[35m (0.3ms)[0m  SELECT "schema_migrations"."version" FROM "schema_migrations" 


Started GET "/photos" for 127.0.0.1 at 2012-12-21 03:26:48 +0430
Processing by PhotosController#index as HTML
  [1m[36mPhoto Load (0.1ms)[0m  [1mSELECT "photos".* FROM "photos" [0m
  Rendered photos/index.html.erb within layouts/application (5.5ms)
Completed 200 OK in 17ms (Views: 10.3ms | ActiveRecord: 0.5ms)


Started GET "/assets/application.css?body=1" for 127.0.0.1 at 2012-12-21 03:26:48 +0430
Served asset /application.css - 304 Not Modified (0ms)


Started GET "/assets/photos.css?body=1" for 127.0.0.1 at 2012-12-21 03:26:48 +0430
Served asset /photos.css - 304 Not Modified (0ms)


Started GET "/assets/jquery.js?body=1" for 127.0.0.1 at 2012-12-21 03:26:48 +0430
Served asset /jquery.js - 304 Not Modified (5ms)


Started GET "/assets/photos.js?body=1" for 127.0.0.1 at 2012-12-21 03:26:48 +0430
Served asset /photos.js - 304 Not Modified (0ms)


Started GET "/assets/jquery_ujs.js?body=1" for 127.0.0.1 at 2012-12-21 03:26:48 +0430
Served asset /jquery_ujs.js - 304 Not Modified (0ms)


Started GET "/assets/scaffolds.css?body=1" for 127.0.0.1 at 2012-12-21 03:26:48 +0430
Served asset /scaffolds.css - 304 Not Modified (0ms)


Started GET "/assets/application.js?body=1" for 127.0.0.1 at 2012-12-21 03:26:48 +0430
Served asset /application.js - 304 Not Modified (3ms)


Started GET "/photos/6" for 127.0.0.1 at 2012-12-21 03:26:49 +0430
Processing by PhotosController#show as HTML
  Parameters: {"id"=>"6"}
  [1m[35mPhoto Load (0.5ms)[0m  SELECT "photos".* FROM "photos" WHERE "photos"."id" = ? LIMIT 1  [["id", "6"]]
  Rendered photos/show.html.erb within layouts/application (3.0ms)
Completed 200 OK in 14ms (Views: 10.6ms | ActiveRecord: 0.5ms)


Started GET "/assets/application.css?body=1" for 127.0.0.1 at 2012-12-21 03:26:49 +0430
Served asset /application.css - 304 Not Modified (1ms)


Started GET "/assets/scaffolds.css?body=1" for 127.0.0.1 at 2012-12-21 03:26:49 +0430
Served asset /scaffolds.css - 304 Not Modified (0ms)


Started GET "/assets/jquery_ujs.js?body=1" for 127.0.0.1 at 2012-12-21 03:26:49 +0430
Served asset /jquery_ujs.js - 304 Not Modified (0ms)


Started GET "/assets/jquery.js?body=1" for 127.0.0.1 at 2012-12-21 03:26:49 +0430
Served asset /jquery.js - 304 Not Modified (1ms)


Started GET "/assets/application.js?body=1" for 127.0.0.1 at 2012-12-21 03:26:49 +0430
Served asset /application.js - 304 Not Modified (23ms)


Started GET "/assets/photos.css?body=1" for 127.0.0.1 at 2012-12-21 03:26:49 +0430
Served asset /photos.css - 304 Not Modified (0ms)


Started GET "/assets/photos.js?body=1" for 127.0.0.1 at 2012-12-21 03:26:49 +0430
Served asset /photos.js - 304 Not Modified (0ms)


Started GET "/photos/6/edit" for 127.0.0.1 at 2012-12-21 03:26:56 +0430
Processing by PhotosController#edit as HTML
  Parameters: {"id"=>"6"}
  [1m[36mPhoto Load (0.1ms)[0m  [1mSELECT "photos".* FROM "photos" WHERE "photos"."id" = ? LIMIT 1[0m  [["id", "6"]]
  Rendered photos/_form.html.erb (3.7ms)
  Rendered photos/edit.html.erb within layouts/application (12.7ms)
Completed 200 OK in 20ms (Views: 17.1ms | ActiveRecord: 0.1ms)


Started GET "/assets/application.css?body=1" for 127.0.0.1 at 2012-12-21 03:26:56 +0430
Served asset /application.css - 304 Not Modified (0ms)


Started GET "/assets/photos.css?body=1" for 127.0.0.1 at 2012-12-21 03:26:56 +0430
Served asset /photos.css - 304 Not Modified (0ms)


Started GET "/assets/scaffolds.css?body=1" for 127.0.0.1 at 2012-12-21 03:26:56 +0430
Served asset /scaffolds.css - 304 Not Modified (1ms)


Started GET "/assets/jquery_ujs.js?body=1" for 127.0.0.1 at 2012-12-21 03:26:56 +0430
Served asset /jquery_ujs.js - 304 Not Modified (0ms)


Started GET "/assets/application.js?body=1" for 127.0.0.1 at 2012-12-21 03:26:56 +0430
Served asset /application.js - 304 Not Modified (3ms)


Started GET "/assets/photos.js?body=1" for 127.0.0.1 at 2012-12-21 03:26:56 +0430
Served asset /photos.js - 304 Not Modified (0ms)


Started GET "/assets/jquery.js?body=1" for 127.0.0.1 at 2012-12-21 03:26:56 +0430
Served asset /jquery.js - 304 Not Modified (1ms)


Started GET "/photos" for 127.0.0.1 at 2012-12-21 03:27:01 +0430
Processing by PhotosController#index as HTML
  [1m[35mPhoto Load (0.5ms)[0m  SELECT "photos".* FROM "photos" 
  Rendered photos/index.html.erb within layouts/application (6.7ms)
Completed 200 OK in 16ms (Views: 13.1ms | ActiveRecord: 0.5ms)


Started GET "/assets/application.css?body=1" for 127.0.0.1 at 2012-12-21 03:27:01 +0430
Served asset /application.css - 304 Not Modified (0ms)


Started GET "/assets/photos.css?body=1" for 127.0.0.1 at 2012-12-21 03:27:01 +0430
Served asset /photos.css - 304 Not Modified (3ms)


Started GET "/assets/scaffolds.css?body=1" for 127.0.0.1 at 2012-12-21 03:27:01 +0430
Served asset /scaffolds.css - 304 Not Modified (0ms)


Started GET "/assets/jquery.js?body=1" for 127.0.0.1 at 2012-12-21 03:27:01 +0430
Served asset /jquery.js - 304 Not Modified (2ms)


Started GET "/assets/jquery_ujs.js?body=1" for 127.0.0.1 at 2012-12-21 03:27:01 +0430
Served asset /jquery_ujs.js - 304 Not Modified (0ms)


Started GET "/assets/photos.js?body=1" for 127.0.0.1 at 2012-12-21 03:27:01 +0430
Served asset /photos.js - 304 Not Modified (0ms)


Started GET "/assets/application.js?body=1" for 127.0.0.1 at 2012-12-21 03:27:01 +0430
Served asset /application.js - 304 Not Modified (3ms)


Started GET "/photos/1" for 127.0.0.1 at 2012-12-21 03:32:54 +0430
Processing by PhotosController#show as HTML
  Parameters: {"id"=>"1"}
  [1m[36mPhoto Load (0.2ms)[0m  [1mSELECT "photos".* FROM "photos" WHERE "photos"."id" = ? LIMIT 1[0m  [["id", "1"]]
  Rendered photos/show.html.erb within layouts/application (2.4ms)
Completed 200 OK in 19ms (Views: 16.5ms | ActiveRecord: 0.2ms)


Started GET "/assets/application.css?body=1" for 127.0.0.1 at 2012-12-21 03:32:55 +0430
Served asset /application.css - 304 Not Modified (5ms)


Started GET "/assets/photos.css?body=1" for 127.0.0.1 at 2012-12-21 03:32:55 +0430
Served asset /photos.css - 304 Not Modified (3ms)


Started GET "/assets/scaffolds.css?body=1" for 127.0.0.1 at 2012-12-21 03:32:55 +0430
Served asset /scaffolds.css - 304 Not Modified (1ms)


Started GET "/assets/jquery_ujs.js?body=1" for 127.0.0.1 at 2012-12-21 03:32:55 +0430
Served asset /jquery_ujs.js - 304 Not Modified (1ms)


Started GET "/assets/jquery.js?body=1" for 127.0.0.1 at 2012-12-21 03:32:55 +0430
Served asset /jquery.js - 304 Not Modified (2ms)


Started GET "/assets/photos.js?body=1" for 127.0.0.1 at 2012-12-21 03:32:55 +0430
Served asset /photos.js - 304 Not Modified (0ms)


Started GET "/assets/application.js?body=1" for 127.0.0.1 at 2012-12-21 03:32:55 +0430
Served asset /application.js - 304 Not Modified (3ms)


Started GET "/photos/1/edit" for 127.0.0.1 at 2012-12-21 03:32:57 +0430
Processing by PhotosController#edit as HTML
  Parameters: {"id"=>"1"}
  [1m[35mPhoto Load (0.1ms)[0m  SELECT "photos".* FROM "photos" WHERE "photos"."id" = ? LIMIT 1  [["id", "1"]]
  Rendered photos/_form.html.erb (3.0ms)
  Rendered photos/edit.html.erb within layouts/application (3.8ms)
Completed 200 OK in 26ms (Views: 25.6ms | ActiveRecord: 0.1ms)


Started GET "/assets/application.css?body=1" for 127.0.0.1 at 2012-12-21 03:32:57 +0430
Served asset /application.css - 304 Not Modified (2ms)


Started GET "/assets/photos.css?body=1" for 127.0.0.1 at 2012-12-21 03:32:57 +0430
Served asset /photos.css - 304 Not Modified (4ms)


Started GET "/assets/jquery.js?body=1" for 127.0.0.1 at 2012-12-21 03:32:57 +0430
Served asset /jquery.js - 304 Not Modified (2ms)


Started GET "/assets/scaffolds.css?body=1" for 127.0.0.1 at 2012-12-21 03:32:57 +0430
Served asset /scaffolds.css - 304 Not Modified (0ms)


Started GET "/assets/jquery_ujs.js?body=1" for 127.0.0.1 at 2012-12-21 03:32:57 +0430
Served asset /jquery_ujs.js - 304 Not Modified (0ms)


Started GET "/assets/application.js?body=1" for 127.0.0.1 at 2012-12-21 03:32:57 +0430
Served asset /application.js - 304 Not Modified (1ms)


Started GET "/assets/photos.js?body=1" for 127.0.0.1 at 2012-12-21 03:32:57 +0430
Served asset /photos.js - 304 Not Modified (0ms)


Started PUT "/photos/1" for 127.0.0.1 at 2012-12-21 03:33:24 +0430
Processing by PhotosController#update as HTML
  Parameters: {"utf8"=>"✓", "authenticity_token"=>"XXA/U/jut9ozaYEXcCXBknt7DpJ4cD95PrKMR65MfgE=", "photo"=>{"filename"=>"balboa_park.jpg", "thumbnail"=>"balboa_park_thb.jpg", "description"=>"Balboa Park, NY 2012"}, "commit"=>"Update Photo", "id"=>"1"}
  [1m[36mPhoto Load (0.1ms)[0m  [1mSELECT "photos".* FROM "photos" WHERE "photos"."id" = ? LIMIT 1[0m  [["id", "1"]]
  [1m[35m (0.0ms)[0m  begin transaction
  [1m[36m (0.0ms)[0m  [1mrollback transaction[0m
Completed 500 Internal Server Error in 2ms

ActiveModel::MassAssignmentSecurity::Error (Can't mass-assign protected attributes: thumbnail, description):
  app/controllers/photos_controller.rb:62:in `block in update'
  app/controllers/photos_controller.rb:61:in `update'


  Rendered /usr/lib/ruby/gems/1.9.1/gems/actionpack-3.2.9/lib/action_dispatch/middleware/templates/rescues/_trace.erb (1.1ms)
  Rendered /usr/lib/ruby/gems/1.9.1/gems/actionpack-3.2.9/lib/action_dispatch/middleware/templates/rescues/_request_and_response.erb (0.7ms)
  Rendered /usr/lib/ruby/gems/1.9.1/gems/actionpack-3.2.9/lib/action_dispatch/middleware/templates/rescues/diagnostics.erb within rescues/layout (5.5ms)


Started PUT "/photos/1" for 127.0.0.1 at 2012-12-21 03:34:16 +0430
Processing by PhotosController#update as HTML
  Parameters: {"utf8"=>"✓", "authenticity_token"=>"XXA/U/jut9ozaYEXcCXBknt7DpJ4cD95PrKMR65MfgE=", "photo"=>{"filename"=>"balboa_park.jpg", "thumbnail"=>"balboa_park_thb.jpg", "description"=>"Balboa Park, NY 2012"}, "commit"=>"Update Photo", "id"=>"1"}
  [1m[35mPhoto Load (0.1ms)[0m  SELECT "photos".* FROM "photos" WHERE "photos"."id" = ? LIMIT 1  [["id", "1"]]
  [1m[36m (0.0ms)[0m  [1mbegin transaction[0m
  [1m[35m (0.9ms)[0m  UPDATE "photos" SET "thumbnail" = 'balboa_park_thb.jpg', "description" = 'Balboa Park, NY 2012', "updated_at" = '2012-12-20 23:04:16.138369' WHERE "photos"."id" = 1
  [1m[36m (148.6ms)[0m  [1mcommit transaction[0m
Redirected to http://localhost:3000/photos/1
Completed 302 Found in 182ms (ActiveRecord: 150.1ms)


Started GET "/photos/1" for 127.0.0.1 at 2012-12-21 03:34:16 +0430
Processing by PhotosController#show as HTML
  Parameters: {"id"=>"1"}
  [1m[35mPhoto Load (0.3ms)[0m  SELECT "photos".* FROM "photos" WHERE "photos"."id" = ? LIMIT 1  [["id", "1"]]
  Rendered photos/show.html.erb within layouts/application (1.3ms)
Completed 200 OK in 11ms (Views: 8.0ms | ActiveRecord: 0.3ms)


Started GET "/assets/application.css?body=1" for 127.0.0.1 at 2012-12-21 03:34:16 +0430
Served asset /application.css - 304 Not Modified (4ms)


Started GET "/assets/photos.css?body=1" for 127.0.0.1 at 2012-12-21 03:34:16 +0430
Served asset /photos.css - 304 Not Modified (0ms)


Started GET "/assets/jquery.js?body=1" for 127.0.0.1 at 2012-12-21 03:34:16 +0430
Served asset /jquery.js - 304 Not Modified (4ms)


Started GET "/assets/jquery_ujs.js?body=1" for 127.0.0.1 at 2012-12-21 03:34:16 +0430
Served asset /jquery_ujs.js - 304 Not Modified (0ms)


Started GET "/assets/scaffolds.css?body=1" for 127.0.0.1 at 2012-12-21 03:34:16 +0430
Served asset /scaffolds.css - 304 Not Modified (0ms)


Started GET "/assets/photos.js?body=1" for 127.0.0.1 at 2012-12-21 03:34:16 +0430
Served asset /photos.js - 304 Not Modified (0ms)


Started GET "/assets/application.js?body=1" for 127.0.0.1 at 2012-12-21 03:34:16 +0430
Served asset /application.js - 304 Not Modified (2ms)


Started GET "/photos" for 127.0.0.1 at 2012-12-21 03:34:19 +0430
Processing by PhotosController#index as HTML
  [1m[36mPhoto Load (0.2ms)[0m  [1mSELECT "photos".* FROM "photos" [0m
  Rendered photos/index.html.erb within layouts/application (5.3ms)
Completed 200 OK in 11ms (Views: 10.0ms | ActiveRecord: 0.2ms)


Started GET "/assets/application.css?body=1" for 127.0.0.1 at 2012-12-21 03:34:19 +0430
Served asset /application.css - 304 Not Modified (1ms)


Started GET "/assets/photos.css?body=1" for 127.0.0.1 at 2012-12-21 03:34:19 +0430
Served asset /photos.css - 304 Not Modified (0ms)


Started GET "/assets/jquery_ujs.js?body=1" for 127.0.0.1 at 2012-12-21 03:34:19 +0430
Served asset /jquery_ujs.js - 304 Not Modified (0ms)


Started GET "/assets/jquery.js?body=1" for 127.0.0.1 at 2012-12-21 03:34:19 +0430
Served asset /jquery.js - 304 Not Modified (2ms)


Started GET "/assets/photos.js?body=1" for 127.0.0.1 at 2012-12-21 03:34:19 +0430
Served asset /photos.js - 304 Not Modified (0ms)


Started GET "/assets/application.js?body=1" for 127.0.0.1 at 2012-12-21 03:34:19 +0430
Served asset /application.js - 304 Not Modified (3ms)


Started GET "/assets/scaffolds.css?body=1" for 127.0.0.1 at 2012-12-21 03:34:19 +0430
Served asset /scaffolds.css - 304 Not Modified (0ms)
